2021-07-18 03:06:11,437 [INFO] Activator:170 - 


2021-07-18 03:06:11,439 [INFO] Activator:171 - !SESSION log4j initialized
2021-07-18 03:06:52,045 [INFO] Activator:170 - 


2021-07-18 03:06:52,046 [INFO] Activator:171 - !SESSION log4j initialized
2021-07-18 03:07:10,314 [INFO] Activator:170 - 


2021-07-18 03:07:10,314 [INFO] Activator:171 - !SESSION log4j initialized
2021-07-18 03:07:16,468 [INFO] McuFinderGlobals:39 - Set McuFinder mode to 2 (CubeIDE integrated)
2021-07-18 03:07:19,220 [INFO] ApplicationProperties:181 - Using Application install path: D:\STM32CubeIDE_1.6.0\STM32CubeIDE\plugins\com.st.stm32cube.common.mx_6.2.1.202103241236
2021-07-18 03:07:19,266 [INFO] DbMcusXml:74 - Set database path to: D:\STM32CubeIDE_1.6.0\STM32CubeIDE\plugins\com.st.stm32cube.common.mx_6.2.1.202103241236\\db\/mcu/
2021-07-18 03:07:19,266 [INFO] DbBoardsPdsc:56 - Set plugin database path to: D:\STM32CubeIDE_1.6.0\STM32CubeIDE\plugins\com.st.stm32cube.common.mx_6.2.1.202103241236\\db\/plugins/boardmanager/
2021-07-18 03:07:19,266 [INFO] DbMcus:258 - Set plugin images path to: D:\STM32CubeIDE_1.6.0\STM32CubeIDE\plugins\com.st.stm32cube.common.mx_6.2.1.202103241236\\db\/plugins/mcufinder/images/
2021-07-18 03:07:19,266 [INFO] DbBoards:264 - Set plugin images path to: D:\STM32CubeIDE_1.6.0\STM32CubeIDE\plugins\com.st.stm32cube.common.mx_6.2.1.202103241236\\db\/plugins/mcufinder/images/
2021-07-18 03:07:19,282 [INFO] DbExamples:333 - Set plugin images path to: D:\STM32CubeIDE_1.6.0\STM32CubeIDE\plugins\com.st.stm32cube.common.mx_6.2.1.202103241236\\db\/plugins/mcufinder/images/
2021-07-18 03:07:19,450 [INFO] DbMcusAds:85 - Set database path to: C:\Users\megha\.stmcufinder\plugins\mcufinder//mcu/
2021-07-18 03:07:19,452 [INFO] DbMcusDocs:110 - Set database path to: C:\Users\megha\.stmcufinder\plugins\mcufinder//mcu/
2021-07-18 03:07:19,455 [INFO] DbMcusJson:65 - Set database path to: C:\Users\megha\.stmcufinder\plugins\mcufinder//mcu/
2021-07-18 03:07:19,455 [INFO] DbBoardsDocs:110 - Set database path to: C:\Users\megha\.stmcufinder\plugins\mcufinder//mcu/
2021-07-18 03:07:19,457 [INFO] DbBoardsJson:58 - Set database path to: C:\Users\megha\.stmcufinder\plugins\mcufinder//mcu/
2021-07-18 03:07:19,460 [INFO] CrossReferenceDbSqlite:196 - Set database path to: C:\Users\megha\.stmcufinder\plugins\mcufinder//mcu/cs/
2021-07-18 03:07:19,463 [INFO] DbExamplesSqlite:690 - Set database path to: C:\Users\megha\.stmcufinder\plugins\mcufinder//mcu/
2021-07-18 03:07:19,649 [INFO] RulesReader:52 - Compatibility file has been processed (237 Rules)
2021-07-18 03:07:19,906 [INFO] MicroXplorer:622 - Detected Java Version = 11.0.9.1
2021-07-18 03:07:19,906 [INFO] DbMcusXml:74 - Set database path to: D:\STM32CubeIDE_1.6.0\STM32CubeIDE\plugins\com.st.stm32cube.common.mx_6.2.1.202103241236\\db\/mcu/
2021-07-18 03:07:19,906 [INFO] DbBoardsPdsc:56 - Set plugin database path to: D:\STM32CubeIDE_1.6.0\STM32CubeIDE\plugins\com.st.stm32cube.common.mx_6.2.1.202103241236\\db\/plugins/boardmanager/
2021-07-18 03:07:19,906 [INFO] DbMcus:258 - Set plugin images path to: D:\STM32CubeIDE_1.6.0\STM32CubeIDE\plugins\com.st.stm32cube.common.mx_6.2.1.202103241236\\db\/plugins/mcufinder/images/
2021-07-18 03:07:19,906 [INFO] DbBoards:264 - Set plugin images path to: D:\STM32CubeIDE_1.6.0\STM32CubeIDE\plugins\com.st.stm32cube.common.mx_6.2.1.202103241236\\db\/plugins/mcufinder/images/
2021-07-18 03:07:19,906 [INFO] DbExamples:333 - Set plugin images path to: D:\STM32CubeIDE_1.6.0\STM32CubeIDE\plugins\com.st.stm32cube.common.mx_6.2.1.202103241236\\db\/plugins/mcufinder/images/
2021-07-18 03:07:19,906 [WARN] DbFile:35 - Overriding database path with different value: C:\Users\megha\.stmcufinder\plugins\mcufinder/ => C:\Users\megha\.stmcufinder\plugins\mcufinder
2021-07-18 03:07:19,906 [INFO] DbMcusAds:85 - Set database path to: C:\Users\megha\.stmcufinder\plugins\mcufinder//mcu/
2021-07-18 03:07:19,906 [WARN] DbFile:35 - Overriding database path with different value: C:\Users\megha\.stmcufinder\plugins\mcufinder/ => C:\Users\megha\.stmcufinder\plugins\mcufinder
2021-07-18 03:07:19,906 [INFO] DbMcusDocs:110 - Set database path to: C:\Users\megha\.stmcufinder\plugins\mcufinder//mcu/
2021-07-18 03:07:19,906 [WARN] DbFile:35 - Overriding database path with different value: C:\Users\megha\.stmcufinder\plugins\mcufinder/ => C:\Users\megha\.stmcufinder\plugins\mcufinder
2021-07-18 03:07:19,906 [INFO] DbMcusJson:65 - Set database path to: C:\Users\megha\.stmcufinder\plugins\mcufinder//mcu/
2021-07-18 03:07:19,906 [WARN] DbFile:35 - Overriding database path with different value: C:\Users\megha\.stmcufinder\plugins\mcufinder/ => C:\Users\megha\.stmcufinder\plugins\mcufinder
2021-07-18 03:07:19,906 [INFO] DbBoardsDocs:110 - Set database path to: C:\Users\megha\.stmcufinder\plugins\mcufinder//mcu/
2021-07-18 03:07:19,906 [WARN] DbFile:35 - Overriding database path with different value: C:\Users\megha\.stmcufinder\plugins\mcufinder/ => C:\Users\megha\.stmcufinder\plugins\mcufinder
2021-07-18 03:07:19,906 [INFO] DbBoardsJson:58 - Set database path to: C:\Users\megha\.stmcufinder\plugins\mcufinder//mcu/
2021-07-18 03:07:19,906 [WARN] DbFile:35 - Overriding database path with different value: C:\Users\megha\.stmcufinder\plugins\mcufinder/ => C:\Users\megha\.stmcufinder\plugins\mcufinder
2021-07-18 03:07:19,906 [WARN] DbFile:35 - Overriding database path with different value: C:\Users\megha\.stmcufinder\plugins\mcufinder/ => C:\Users\megha\.stmcufinder\plugins\mcufinder
2021-07-18 03:07:19,906 [INFO] CrossReferenceDbSqlite:196 - Set database path to: C:\Users\megha\.stmcufinder\plugins\mcufinder//mcu/cs/
2021-07-18 03:07:19,906 [WARN] DbFile:35 - Overriding database path with different value: C:\Users\megha\.stmcufinder\plugins\mcufinder/ => C:\Users\megha\.stmcufinder\plugins\mcufinder
2021-07-18 03:07:19,906 [INFO] DbExamplesSqlite:690 - Set database path to: C:\Users\megha\.stmcufinder\plugins\mcufinder//mcu/
2021-07-18 03:07:20,016 [INFO] MainPanel:204 - HeapMemory: 268435456
2021-07-18 03:07:20,157 [INFO] DbMcusXml:74 - Set database path to: D:\STM32CubeIDE_1.6.0\STM32CubeIDE\plugins\com.st.stm32cube.common.mx_6.2.1.202103241236\\db\/mcu/
2021-07-18 03:07:20,157 [INFO] DbBoardsPdsc:56 - Set plugin database path to: D:\STM32CubeIDE_1.6.0\STM32CubeIDE\plugins\com.st.stm32cube.common.mx_6.2.1.202103241236\\db\/plugins/boardmanager/
2021-07-18 03:07:20,157 [INFO] DbMcus:258 - Set plugin images path to: D:\STM32CubeIDE_1.6.0\STM32CubeIDE\plugins\com.st.stm32cube.common.mx_6.2.1.202103241236\\db\/plugins/mcufinder/images/
2021-07-18 03:07:20,157 [INFO] DbBoards:264 - Set plugin images path to: D:\STM32CubeIDE_1.6.0\STM32CubeIDE\plugins\com.st.stm32cube.common.mx_6.2.1.202103241236\\db\/plugins/mcufinder/images/
2021-07-18 03:07:20,157 [INFO] DbExamples:333 - Set plugin images path to: D:\STM32CubeIDE_1.6.0\STM32CubeIDE\plugins\com.st.stm32cube.common.mx_6.2.1.202103241236\\db\/plugins/mcufinder/images/
2021-07-18 03:07:20,157 [WARN] DbFile:35 - Overriding database path with different value: C:\Users\megha\.stmcufinder\plugins\mcufinder/ => C:\Users\megha\.stmcufinder\plugins\mcufinder
2021-07-18 03:07:20,157 [INFO] DbMcusAds:85 - Set database path to: C:\Users\megha\.stmcufinder\plugins\mcufinder//mcu/
2021-07-18 03:07:20,157 [WARN] DbFile:35 - Overriding database path with different value: C:\Users\megha\.stmcufinder\plugins\mcufinder/ => C:\Users\megha\.stmcufinder\plugins\mcufinder
2021-07-18 03:07:20,157 [INFO] DbMcusDocs:110 - Set database path to: C:\Users\megha\.stmcufinder\plugins\mcufinder//mcu/
2021-07-18 03:07:20,157 [WARN] DbFile:35 - Overriding database path with different value: C:\Users\megha\.stmcufinder\plugins\mcufinder/ => C:\Users\megha\.stmcufinder\plugins\mcufinder
2021-07-18 03:07:20,172 [INFO] DbMcusJson:65 - Set database path to: C:\Users\megha\.stmcufinder\plugins\mcufinder//mcu/
2021-07-18 03:07:20,172 [WARN] DbFile:35 - Overriding database path with different value: C:\Users\megha\.stmcufinder\plugins\mcufinder/ => C:\Users\megha\.stmcufinder\plugins\mcufinder
2021-07-18 03:07:20,172 [INFO] DbBoardsDocs:110 - Set database path to: C:\Users\megha\.stmcufinder\plugins\mcufinder//mcu/
2021-07-18 03:07:20,172 [WARN] DbFile:35 - Overriding database path with different value: C:\Users\megha\.stmcufinder\plugins\mcufinder/ => C:\Users\megha\.stmcufinder\plugins\mcufinder
2021-07-18 03:07:20,172 [INFO] DbBoardsJson:58 - Set database path to: C:\Users\megha\.stmcufinder\plugins\mcufinder//mcu/
2021-07-18 03:07:20,172 [WARN] DbFile:35 - Overriding database path with different value: C:\Users\megha\.stmcufinder\plugins\mcufinder/ => C:\Users\megha\.stmcufinder\plugins\mcufinder
2021-07-18 03:07:20,172 [WARN] DbFile:35 - Overriding database path with different value: C:\Users\megha\.stmcufinder\plugins\mcufinder/ => C:\Users\megha\.stmcufinder\plugins\mcufinder
2021-07-18 03:07:20,172 [INFO] CrossReferenceDbSqlite:196 - Set database path to: C:\Users\megha\.stmcufinder\plugins\mcufinder//mcu/cs/
2021-07-18 03:07:20,172 [WARN] DbFile:35 - Overriding database path with different value: C:\Users\megha\.stmcufinder\plugins\mcufinder/ => C:\Users\megha\.stmcufinder\plugins\mcufinder
2021-07-18 03:07:20,172 [INFO] DbExamplesSqlite:690 - Set database path to: C:\Users\megha\.stmcufinder\plugins\mcufinder//mcu/
2021-07-18 03:07:20,230 [INFO] ApplicationProperties:181 - Using Application install path: D:\STM32CubeIDE_1.6.0\STM32CubeIDE\plugins\com.st.stm32cube.common.mx_6.2.1.202103241236
2021-07-18 03:07:20,230 [INFO] PluginManage:178 - Search for loadable plugins [exclusion list=, ]
2021-07-18 03:07:20,230 [INFO] PluginManage:292 - Check plugin analytics
2021-07-18 03:07:25,049 [INFO] AnalyticsPlugin:233 - Accepted Software Licenses: 
2021-07-18 03:07:25,049 [INFO] AnalyticsPlugin:235 - Accepted CMSIS Pack Licenses: 
2021-07-18 03:07:25,049 [INFO] AnalyticsPlugin:237 - Accepted Firmware Licenses: 
2021-07-18 03:07:25,049 [INFO] PluginManage:342 - Loaded plugin analytics (category:tool,tabindex:-1)
2021-07-18 03:07:25,049 [INFO] PluginManage:292 - Check plugin clock
2021-07-18 03:07:25,107 [INFO] PluginManage:342 - Loaded plugin clock (category:base,tabindex:2)
2021-07-18 03:07:25,107 [INFO] PluginManage:292 - Check plugin ddr
2021-07-18 03:07:25,123 [INFO] PluginManage:342 - Loaded plugin ddr (category:tool,tabindex:6)
2021-07-18 03:07:25,123 [INFO] PluginManage:292 - Check plugin filemanager
2021-07-18 03:07:25,310 [INFO] PluginManage:342 - Loaded plugin filemanager (category:base,tabindex:10)
2021-07-18 03:07:25,310 [INFO] PluginManage:292 - Check plugin ipmanager
2021-07-18 03:07:25,326 [INFO] PluginManage:342 - Loaded plugin ipmanager (category:base,tabindex:5)
2021-07-18 03:07:25,326 [INFO] PluginManage:292 - Check plugin pinoutandconfiguration
2021-07-18 03:07:25,357 [INFO] PluginManage:342 - Loaded plugin pinoutandconfiguration (category:base,tabindex:1)
2021-07-18 03:07:25,357 [INFO] PluginManage:292 - Check plugin pinoutconfig
2021-07-18 03:07:25,400 [INFO] PluginManage:342 - Loaded plugin pinoutconfig (category:base,tabindex:0)
2021-07-18 03:07:25,401 [INFO] PluginManage:292 - Check plugin power
2021-07-18 03:07:25,454 [INFO] PluginManage:342 - Loaded plugin power (category:power,tabindex:4)
2021-07-18 03:07:25,454 [INFO] PluginManage:292 - Check plugin projectmanager
2021-07-18 03:07:25,475 [INFO] PluginManage:342 - Loaded plugin projectmanager (category:projectmanager,tabindex:3)
2021-07-18 03:07:25,475 [INFO] PluginManage:292 - Check plugin thirdparty
2021-07-18 03:07:25,956 [INFO] PluginManage:342 - Loaded plugin thirdparty (category:base,tabindex:-1)
2021-07-18 03:07:25,956 [INFO] PluginManage:292 - Check plugin tools
2021-07-18 03:07:25,956 [WARN] IntegrityCheckThread:59 - waiting for thirdparty lock release [integrity check]
2021-07-18 03:07:25,956 [INFO] IntegrityCheckThread:61 - entering critical section [integrity check]
2021-07-18 03:07:25,956 [INFO] ThirdPartyUpdaterWithRetryManager:56 - Updater plugin not ready yet. [1/15]
2021-07-18 03:07:25,972 [INFO] PluginManage:342 - Loaded plugin tools (category:base,tabindex:7)
2021-07-18 03:07:25,972 [INFO] PluginManage:292 - Check plugin tutovideos
2021-07-18 03:07:26,227 [INFO] PluginManage:342 - Loaded plugin tutovideos (category:base,tabindex:-1)
2021-07-18 03:07:26,227 [INFO] PluginManage:292 - Check plugin updater
2021-07-18 03:07:26,274 [INFO] PluginManage:342 - Loaded plugin updater (category:base,tabindex:12)
2021-07-18 03:07:26,274 [INFO] PluginManage:265 - PluginManage : Loaded plugins [13]
2021-07-18 03:07:26,635 [INFO] PinOutPanel:1435 - setPackage(No Configuration,No Configuration)
2021-07-18 03:07:26,795 [INFO] IPUIPlugin:64 - create IPUIPlugin
2021-07-18 03:07:26,795 [INFO] PluginManager:203 - loadIPPluginJar : add adc
2021-07-18 03:07:26,842 [INFO] IPUIPlugin:64 - create IPUIPlugin
2021-07-18 03:07:26,842 [INFO] PluginManager:203 - loadIPPluginJar : add aes
2021-07-18 03:07:26,858 [INFO] IPUIPlugin:64 - create IPUIPlugin
2021-07-18 03:07:26,858 [INFO] PluginManager:203 - loadIPPluginJar : add can
2021-07-18 03:07:26,889 [INFO] IPUIPlugin:64 - create IPUIPlugin
2021-07-18 03:07:26,889 [INFO] PluginManager:203 - loadIPPluginJar : add comp
2021-07-18 03:07:26,921 [INFO] IPUIPlugin:64 - create IPUIPlugin
2021-07-18 03:07:26,921 [INFO] PluginManager:203 - loadIPPluginJar : add cryp
2021-07-18 03:07:26,937 [INFO] IPUIPlugin:64 - create IPUIPlugin
2021-07-18 03:07:26,937 [INFO] PluginManager:203 - loadIPPluginJar : add dfsdm
2021-07-18 03:07:26,968 [INFO] IPUIPlugin:64 - create IPUIPlugin
2021-07-18 03:07:26,968 [INFO] PluginManager:203 - loadIPPluginJar : add dma
2021-07-18 03:07:26,984 [INFO] IPUIPlugin:64 - create IPUIPlugin
2021-07-18 03:07:26,984 [INFO] PluginManager:203 - loadIPPluginJar : add fatfs
2021-07-18 03:07:26,984 [INFO] IPUIPlugin:64 - create IPUIPlugin
2021-07-18 03:07:26,984 [INFO] PluginManager:203 - loadIPPluginJar : add fmc
2021-07-18 03:07:27,015 [INFO] IPUIPlugin:64 - create IPUIPlugin
2021-07-18 03:07:27,015 [INFO] PluginManager:203 - loadIPPluginJar : add freertos
2021-07-18 03:07:27,015 [INFO] IPUIPlugin:64 - create IPUIPlugin
2021-07-18 03:07:27,015 [INFO] PluginManager:203 - loadIPPluginJar : add genericplugin
2021-07-18 03:07:27,031 [INFO] IPUIPlugin:64 - create IPUIPlugin
2021-07-18 03:07:27,031 [INFO] PluginManager:203 - loadIPPluginJar : add gfxmmu
2021-07-18 03:07:27,031 [INFO] IPUIPlugin:64 - create IPUIPlugin
2021-07-18 03:07:27,031 [INFO] PluginManager:203 - loadIPPluginJar : add gic
2021-07-18 03:07:27,031 [INFO] IPUIPlugin:64 - create IPUIPlugin
2021-07-18 03:07:27,031 [INFO] PluginManager:203 - loadIPPluginJar : add gpio
2021-07-18 03:07:27,046 [INFO] IPUIPlugin:64 - create IPUIPlugin
2021-07-18 03:07:27,046 [INFO] PluginManager:203 - loadIPPluginJar : add gtzc
2021-07-18 03:07:27,062 [INFO] IPUIPlugin:64 - create IPUIPlugin
2021-07-18 03:07:27,062 [INFO] PluginManager:203 - loadIPPluginJar : add hash
2021-07-18 03:07:27,062 [INFO] IPUIPlugin:64 - create IPUIPlugin
2021-07-18 03:07:27,062 [INFO] PluginManager:203 - loadIPPluginJar : add i2c
2021-07-18 03:07:27,062 [INFO] IPUIPlugin:64 - create IPUIPlugin
2021-07-18 03:07:27,062 [INFO] PluginManager:203 - loadIPPluginJar : add i2s
2021-07-18 03:07:27,093 [INFO] IPUIPlugin:64 - create IPUIPlugin
2021-07-18 03:07:27,093 [INFO] PluginManager:203 - loadIPPluginJar : add ipddr
2021-07-18 03:07:27,109 [INFO] IPUIPlugin:64 - create IPUIPlugin
2021-07-18 03:07:27,109 [INFO] PluginManager:203 - loadIPPluginJar : add lorawan
2021-07-18 03:07:27,109 [INFO] IPUIPlugin:64 - create IPUIPlugin
2021-07-18 03:07:27,109 [INFO] PluginManager:203 - loadIPPluginJar : add ltdc
2021-07-18 03:07:27,124 [INFO] IPUIPlugin:64 - create IPUIPlugin
2021-07-18 03:07:27,124 [INFO] PluginManager:203 - loadIPPluginJar : add mdma
2021-07-18 03:07:27,124 [INFO] IPUIPlugin:64 - create IPUIPlugin
2021-07-18 03:07:27,124 [INFO] PluginManager:203 - loadIPPluginJar : add nvic
2021-07-18 03:07:27,124 [INFO] IPUIPlugin:64 - create IPUIPlugin
2021-07-18 03:07:27,124 [INFO] PluginManager:203 - loadIPPluginJar : add opamp
2021-07-18 03:07:27,140 [INFO] IPUIPlugin:64 - create IPUIPlugin
2021-07-18 03:07:27,140 [INFO] PluginManager:203 - loadIPPluginJar : add openamp
2021-07-18 03:07:27,140 [INFO] IPUIPlugin:64 - create IPUIPlugin
2021-07-18 03:07:27,140 [INFO] PluginManager:203 - loadIPPluginJar : add pdm2pcm
2021-07-18 03:07:27,156 [INFO] IPUIPlugin:64 - create IPUIPlugin
2021-07-18 03:07:27,171 [INFO] PluginManager:203 - loadIPPluginJar : add plateformsettings
2021-07-18 03:07:27,171 [INFO] IPUIPlugin:64 - create IPUIPlugin
2021-07-18 03:07:27,171 [INFO] PluginManager:203 - loadIPPluginJar : add quadspi
2021-07-18 03:07:27,187 [INFO] IPUIPlugin:64 - create IPUIPlugin
2021-07-18 03:07:27,187 [INFO] PluginManager:203 - loadIPPluginJar : add resmgrutility
2021-07-18 03:07:27,202 [INFO] IPUIPlugin:64 - create IPUIPlugin
2021-07-18 03:07:27,202 [INFO] PluginManager:203 - loadIPPluginJar : add sai
2021-07-18 03:07:27,218 [INFO] IPUIPlugin:64 - create IPUIPlugin
2021-07-18 03:07:27,218 [INFO] PluginManager:203 - loadIPPluginJar : add spi
2021-07-18 03:07:27,234 [INFO] IPUIPlugin:64 - create IPUIPlugin
2021-07-18 03:07:27,234 [INFO] PluginManager:203 - loadIPPluginJar : add stm32_wpan
2021-07-18 03:07:27,249 [INFO] IPUIPlugin:64 - create IPUIPlugin
2021-07-18 03:07:27,249 [INFO] PluginManager:203 - loadIPPluginJar : add tim
2021-07-18 03:07:27,249 [INFO] IPUIPlugin:64 - create IPUIPlugin
2021-07-18 03:07:27,249 [INFO] PluginManager:203 - loadIPPluginJar : add touchsensing
2021-07-18 03:07:27,265 [INFO] IPUIPlugin:64 - create IPUIPlugin
2021-07-18 03:07:27,265 [INFO] PluginManager:203 - loadIPPluginJar : add tracer_emb
2021-07-18 03:07:27,265 [INFO] IPUIPlugin:64 - create IPUIPlugin
2021-07-18 03:07:27,265 [INFO] PluginManager:203 - loadIPPluginJar : add ts
2021-07-18 03:07:27,281 [INFO] IPUIPlugin:64 - create IPUIPlugin
2021-07-18 03:07:27,281 [INFO] PluginManager:203 - loadIPPluginJar : add tsc
2021-07-18 03:07:27,281 [INFO] IPUIPlugin:64 - create IPUIPlugin
2021-07-18 03:07:27,281 [INFO] PluginManager:203 - loadIPPluginJar : add ucpd
2021-07-18 03:07:27,296 [INFO] IPUIPlugin:64 - create IPUIPlugin
2021-07-18 03:07:27,312 [INFO] PluginManager:203 - loadIPPluginJar : add usart
2021-07-18 03:07:27,708 [FATAL] Updater:284 - Updater called before beeing initialized
2021-07-18 03:07:27,787 [FATAL] Updater:284 - Updater called before beeing initialized
2021-07-18 03:07:27,787 [INFO] DbMcusAds:132 - JSON generation date=Mon Jul 12 20:00:20 IST 2021 (1626100220514)
2021-07-18 03:07:27,787 [FATAL] Updater:284 - Updater called before beeing initialized
2021-07-18 03:07:27,928 [WARN] DetailPanel:315 - Failed to get advertising image, set to default
2021-07-18 03:07:28,161 [FATAL] Updater:284 - Updater called before beeing initialized
2021-07-18 03:07:28,161 [FATAL] Updater:284 - Updater called before beeing initialized
2021-07-18 03:07:28,161 [FATAL] Updater:284 - Updater called before beeing initialized
2021-07-18 03:07:28,161 [WARN] DetailPanel:315 - Failed to get advertising image, set to default
2021-07-18 03:07:28,161 [FATAL] Updater:284 - Updater called before beeing initialized
2021-07-18 03:07:28,192 [FATAL] Updater:284 - Updater called before beeing initialized
2021-07-18 03:07:28,192 [WARN] ThirdParty:796 - waiting for thirdparty lock release [close project]
2021-07-18 03:07:28,959 [INFO] ThirdPartyUpdaterWithRetryManager:56 - Updater plugin not ready yet. [2/15]
2021-07-18 03:07:31,971 [FATAL] Updater:284 - Updater called before beeing initialized
2021-07-18 03:07:31,971 [ERROR] AbstractThirdPartyUpdaterManager:153 - class java.lang.Integer cannot be cast to class java.util.List (java.lang.Integer and java.util.List are in module java.base of loader 'bootstrap')
2021-07-18 03:07:31,971 [INFO] ThirdParty:900 - Integrity check success = false
2021-07-18 03:07:31,971 [INFO] IntegrityCheckThread:75 - exiting critical section [integrity check]
2021-07-18 03:07:31,971 [INFO] IntegrityCheckThread:78 - End integrity checks thread
2021-07-18 03:07:31,971 [INFO] ThirdParty:798 - entering critical section [close project]
2021-07-18 03:07:31,974 [INFO] ThirdParty:809 - exiting critical section [close project]
2021-07-18 03:07:31,974 [INFO] PinOutPanel:1435 - setPackage(No Configuration,No Configuration)
2021-07-18 03:07:31,974 [FATAL] Updater:284 - Updater called before beeing initialized
2021-07-18 03:07:32,061 [ERROR] Updater:1065 - MainUpdater not yet initialized. External WinMGr cannot be set.
2021-07-18 03:07:32,092 [INFO] Updater:1002 - Updater Version found : 6.2.1
2021-07-18 03:07:32,108 [INFO] ApplicationProperties:181 - Using Application install path: D:\STM32CubeIDE_1.6.0\STM32CubeIDE\plugins\com.st.stm32cube.common.mx_6.2.1.202103241236
2021-07-18 03:07:32,433 [INFO] MainUpdater:2661 - connection check result : 10
2021-07-18 03:07:32,434 [INFO] MainUpdater:255 - Updater Check For Update Now.
2021-07-18 03:07:32,434 [INFO] MicroXplorer:472 - Change Database Version : DB.6.0.21
2021-07-18 03:07:32,473 [INFO] CheckServerUpdateThread:102 - End of CheckServer Thread
2021-07-18 03:07:32,475 [INFO] MainUpdater:2661 - connection check result : 10
2021-07-18 03:07:33,098 [INFO] CrossSelectorPresenter:1330 - Cross Selector saved comparison directory: C:\Users\megha\.stmcufinder\plugins\mcufinder\mcu\cs_comparisons_mx
2021-07-18 03:07:33,114 [INFO] MultiScanPanel:200 - Auto-refresh data requested => check proxy status ongoing
2021-07-18 03:07:33,114 [INFO] FinderPluginLoader:87 - Searching for filters in installed packs
2021-07-18 03:07:33,134 [INFO] DbMcusXml:100 - Load MCU database from D:\STM32CubeIDE_1.6.0\STM32CubeIDE\plugins\com.st.stm32cube.common.mx_6.2.1.202103241236\\db\/mcu/families.xml
2021-07-18 03:07:34,011 [INFO] DbMcusJson:94 - JSON generation date=Mon Jun 07 14:23:21 IST 2021 (1623056001)
2021-07-18 03:07:34,747 [INFO] DbMcus:175 - Found 1906 MCUs (1866 are supported by CubeMX, 1866 are visible in CubeMX)
2021-07-18 03:07:34,764 [INFO] ApiDb:251 - Load user favorites file C:\Users\megha/.stm32cubeide/favorites.mcus.txt: 0 item(s)
2021-07-18 03:07:34,764 [INFO] ApiDb:255 - User favorites MCUs=[]
2021-07-18 03:07:34,764 [INFO] DbMcus:187 - Set 0 / 0 favorites MCUs
2021-07-18 03:07:35,235 [WARN] DetailPanel:315 - Failed to get advertising image, set to default
2021-07-18 03:07:35,781 [INFO] DbBoardsPdsc:90 - Found 24 items
2021-07-18 03:07:35,797 [INFO] DbBoardsPdsc:90 - Found 9 items
2021-07-18 03:07:35,812 [INFO] DbBoardsPdsc:90 - Found 33 items
2021-07-18 03:07:35,828 [INFO] DbBoardsPdsc:90 - Found 1 items
2021-07-18 03:07:35,859 [INFO] DbBoardsPdsc:90 - Found 46 items
2021-07-18 03:07:35,859 [INFO] DbBoardsPdsc:90 - Found 41 items
2021-07-18 03:07:35,875 [INFO] DbBoardsPdsc:90 - Found 2 items
2021-07-18 03:07:35,891 [INFO] DbBoardsPdsc:90 - Found 5 items
2021-07-18 03:07:35,891 [WARN] DbBoardsPdsc:254 - Board NUCLEO-WB15CC: unknown feature type=, name=, username=Three user LEDs, n=1
2021-07-18 03:07:35,891 [WARN] DbBoardsPdsc:254 - Board NUCLEO-WB15CC: unknown feature type=, name=, username=One reset and three user push-buttons, n=1
2021-07-18 03:07:35,891 [WARN] DbBoardsPdsc:254 - Board NUCLEO-WB15CC: unknown feature type=, name=, username=Arduino Uno V3 expansion connector, n=1
2021-07-18 03:07:35,891 [WARN] DbBoardsPdsc:254 - Board NUCLEO-WB15CC: unknown feature type=, name=, username=ST morpho extension pin headers for full access to all STM32WB I/Os, n=1
2021-07-18 03:07:35,891 [WARN] DbBoardsPdsc:254 - Board NUCLEO-WB15CC: unknown feature type=, name=, username=Integrated PCB antenna and SMA connector footprint, n=1
2021-07-18 03:07:35,891 [WARN] DbBoardsPdsc:254 - Board NUCLEO-WB15CC: unknown feature type=, name=, username=Flexible power-supply options: ST-LINK, USB VBUS, or external sources, n=1
2021-07-18 03:07:35,891 [WARN] DbBoardsPdsc:254 - Board NUCLEO-WB15CC: unknown feature type=, name=, username=On-board footprint to mount a CR2032 battery socket, n=1
2021-07-18 03:07:35,891 [WARN] DbBoardsPdsc:254 - Board NUCLEO-WB15CC: unknown feature type=, name=, username=On-board ST-LINK/V2-1 debugger/programmer with USB re-enumeration capability: mass storage, Virtual COM port, and debug port, n=1
2021-07-18 03:07:35,891 [WARN] DbBoardsPdsc:254 - Board NUCLEO-WB15CC: unknown feature type=, name=, username=Comprehensive free software libraries and examples available with the STM32CubeWB MCU Package, n=1
2021-07-18 03:07:35,891 [WARN] DbBoardsPdsc:254 - Board NUCLEO-WB15CC: unknown feature type=, name=, username=Support of a wide choice of Integrated Development Environments (IDEs) including IAR Embedded Workbench, MDK-ARM, STM32CubeIDE, and Mbed Studio, n=1
2021-07-18 03:07:35,891 [WARN] DbBoardsPdsc:254 - Board STM32H7B3I-DK: unknown feature type=Audio, name=, username=Audio stereo codec with Headphone Amp (CS42L51-CNZ), n=1
2021-07-18 03:07:35,891 [WARN] DbBoardsPdsc:254 - Board STM32H735G-DK: unknown feature type=Audio, name=, username=Audio stereo codec with Headphone Amp (WM8994ECS/R), n=1
2021-07-18 03:07:35,891 [WARN] DbBoardsPdsc:254 - Board STM32WB5MM-DK: unknown feature type=, name=, username=Time-of-Flight and gesture-detection sensor, n=1
2021-07-18 03:07:35,891 [WARN] DbBoardsPdsc:254 - Board STM32WB5MM-DK: unknown feature type=, name=, username=3 push-buttons (2 users and 1 reset) and 1 touch key button, n=1
2021-07-18 03:07:35,891 [WARN] DbBoardsPdsc:254 - Board STM32WB5MM-DK: unknown feature type=, name=, username=Flexible power-supply options: ST-LINK/V2-1 USB connector, 5 V delivered by ARDUINO® or external connector, USB charger, or USB power, n=1
2021-07-18 03:07:35,891 [WARN] DbBoardsPdsc:254 - Board STM32WB5MM-DK: unknown feature type=, name=, username=On-board ST-LINK/V2-1 debugger/programmer with USB re-enumeration capability: Virtual COM port and debug port, n=1
2021-07-18 03:07:35,891 [WARN] DbBoardsPdsc:254 - Board STM32WB5MM-DK: unknown feature type=, name=, username=Comprehensive free software libraries and examples available with the STM32CubeWB MCU Package, n=1
2021-07-18 03:07:35,891 [WARN] DbBoardsPdsc:254 - Board STM32WB5MM-DK: unknown feature type=, name=, username=Support of a wide choice of Integrated Development Environments (IDEs) including IAR Embedded Workbench®, MDK-ARM, and STM32CubeIDE, n=1
2021-07-18 03:07:35,891 [WARN] DbBoardsPdsc:254 - Board STM32H7B3I-EVAL: unknown feature type=Audio, name=, username=Multi-Channel Audio Codec (CS42L51-CNZ), n=1
2021-07-18 03:07:35,891 [WARN] DbBoardsPdsc:254 - Board STM32H7B3I-EVAL: unknown feature type=Meter, name=, username=Power-metering and Temperature-monitoring with sigma-delta modulators, n=1
2021-07-18 03:07:35,891 [WARN] DbBoardsPdsc:254 - Board STM32H7B3I-EVAL: unknown feature type=Motor, name=, username=Motor Control, n=1
2021-07-18 03:07:35,906 [INFO] DbBoardsJson:87 - JSON generation date=Tue Jun 01 11:22:40 IST 2021 (1622526760)
2021-07-18 03:07:35,906 [INFO] DbBoards:117 - Found 161 boards (158 are supported by CubeMX)
2021-07-18 03:07:35,922 [INFO] DbBoardsDocs:143 - JSON generation date=Tue Jun 01 11:22:40 IST 2021 (1622526760)
2021-07-18 03:07:35,937 [INFO] DbBoardsDocs:79 - Found 193 boards documents
2021-07-18 03:07:35,937 [WARN] DbBoards:127 - board B-L462E-CELL1 has no document id list !
2021-07-18 03:07:35,937 [WARN] DbBoards:127 - board B-L475E-IOT01A2 has no document id list !
2021-07-18 03:07:35,937 [WARN] DbBoards:127 - board NUCLEO-G0B1RE has no document id list !
2021-07-18 03:07:35,937 [WARN] DbBoards:127 - board NUCLEO-H743ZI has no document id list !
2021-07-18 03:07:35,937 [WARN] DbBoards:127 - board NUCLEO-L4A6ZG has no document id list !
2021-07-18 03:07:35,937 [WARN] DbBoards:127 - board NUCLEO-WB15CC has no document id list !
2021-07-18 03:07:35,937 [WARN] DbBoards:127 - board NUCLEO-WB55RG has no document id list !
2021-07-18 03:07:35,937 [WARN] DbBoards:127 - board NUCLEO-WL55JC2 has no document id list !
2021-07-18 03:07:35,937 [WARN] DbBoards:127 - board P-NUCLEO-WB55-Nucleo has no document id list !
2021-07-18 03:07:35,937 [WARN] DbBoards:127 - board P-NUCLEO-WB55-USBDongle has no document id list !
2021-07-18 03:07:35,937 [WARN] DbBoards:127 - board STEVAL-BFA001V1B has no document id list !
2021-07-18 03:07:35,937 [WARN] DbBoards:127 - board STEVAL-BFA001V2B has no document id list !
2021-07-18 03:07:35,937 [WARN] DbBoards:127 - board STEVAL-IDP005V1 has no document id list !
2021-07-18 03:07:35,937 [WARN] DbBoards:127 - board STEVAL-IDP005V2 has no document id list !
2021-07-18 03:07:35,937 [WARN] DbBoards:127 - board STEVAL-MKSBOX1V1 has no document id list !
2021-07-18 03:07:35,937 [WARN] DbBoards:127 - board STEVAL-STWINKT1 has no document id list !
2021-07-18 03:07:35,937 [WARN] DbBoards:127 - board STEVAL-STWINKT1B has no document id list !
2021-07-18 03:07:35,937 [WARN] DbBoards:127 - board STM32F401C-DISCO has no document id list !
2021-07-18 03:07:35,953 [WARN] DbBoards:127 - board STM32F769I-DISC1 has no document id list !
2021-07-18 03:07:35,953 [WARN] DbBoards:127 - board STM32G0C1E-EV has no document id list !
2021-07-18 03:07:35,953 [WARN] DbBoards:127 - board STM32G474E-EVAL1 has no document id list !
2021-07-18 03:07:35,953 [WARN] DbBoards:127 - board STM32H743I-EVAL2 has no document id list !
2021-07-18 03:07:35,953 [WARN] DbBoards:127 - board STM32H747I-DISC1 has no document id list !
2021-07-18 03:07:35,953 [WARN] DbBoards:127 - board STM32H753I-EVAL2 has no document id list !
2021-07-18 03:07:35,953 [WARN] DbBoards:127 - board STM32L-DISCOVERY has no document id list !
2021-07-18 03:07:35,953 [WARN] DbBoards:127 - board STM32MP157A-DK1 has no document id list !
2021-07-18 03:07:35,953 [WARN] DbBoards:127 - board STM32MP157F-DK2 has no document id list !
2021-07-18 03:07:35,953 [WARN] DbBoards:127 - board STM32MP157F-EV1 has no document id list !
2021-07-18 03:07:35,953 [WARN] DbBoards:127 - board STM32WB5MM-DK has no document id list !
2021-07-18 03:07:38,596 [INFO] ApiDb:251 - Load user favorites file C:\Users\megha/.stm32cubeide/favorites.boards.txt: 0 item(s)
2021-07-18 03:07:38,596 [INFO] ApiDb:255 - User favorites Boards=[]
2021-07-18 03:07:38,596 [INFO] DbBoards:206 - Set 0 / 0 favorites Boards
2021-07-18 03:08:03,186 [INFO] DbMcusDocs:143 - JSON generation date=Mon Jun 07 14:23:21 IST 2021 (1623056001)
2021-07-18 03:08:03,629 [INFO] DbMcusDocs:79 - Found 669 MCUs documents
2021-07-18 03:08:24,021 [INFO] MainUpdater:2661 - connection check result : 10
2021-07-18 03:08:24,021 [INFO] MainUpdater:2661 - connection check result : 10
2021-07-18 03:08:24,076 [INFO] MicroXplorer:442 - Change Database Path : 
2021-07-18 03:08:24,076 [INFO] MicroXplorer:472 - Change Database Version : DB.6.0.21
2021-07-18 03:08:24,076 [WARN] ThirdParty:796 - waiting for thirdparty lock release [close project]
2021-07-18 03:08:24,076 [INFO] ThirdParty:798 - entering critical section [close project]
2021-07-18 03:08:24,076 [INFO] ThirdParty:809 - exiting critical section [close project]
2021-07-18 03:08:24,076 [INFO] PinOutPanel:1435 - setPackage(No Configuration,No Configuration)
2021-07-18 03:08:24,076 [INFO] UtilMem:74 - Begin LoadConfig() Used Memory: 438140104 Bytes (532676608)
2021-07-18 03:08:24,076 [INFO] MicroXplorer:442 - Change Database Path : 
2021-07-18 03:08:24,076 [INFO] MicroXplorer:472 - Change Database Version : DB.6.0.21
2021-07-18 03:08:24,076 [INFO] OpenFileManager:303 - Change cursor
2021-07-18 03:08:24,115 [WARN] IntegrityCheckThread:59 - waiting for thirdparty lock release [integrity check]
2021-07-18 03:08:24,115 [INFO] IntegrityCheckThread:61 - entering critical section [integrity check]
2021-07-18 03:08:24,247 [WARN] PackLoader:226 - Cannot read IP mode file for RoweBots.I-CUBE-UNISONRTOS.5.5.0-4
2021-07-18 03:08:24,279 [WARN] PackLoader:226 - Cannot read IP mode file for STMicroelectronics.X-CUBE-SFXS2LP1.3.0.0
2021-07-18 03:08:24,289 [WARN] ConditionMgr:437 - getConditionDescription Invalid condition id : SIGFOX STM32 LIB Condition cause : null
2021-07-18 03:08:24,289 [WARN] ConditionMgr:437 - getConditionDescription Invalid condition id : Sigfox Third Party LIB Condition cause : null
2021-07-18 03:08:24,289 [WARN] PackLoader:226 - Cannot read IP mode file for STMicroelectronics.X-CUBE-SFXS2LP1.2.0.0
2021-07-18 03:08:24,289 [WARN] ConditionMgr:1040 - genDependencies : Invalid condition id : SIGFOX STM32 LIB Condition cause : null
2021-07-18 03:08:24,289 [WARN] ConditionMgr:1040 - genDependencies : Invalid condition id : Sigfox Third Party LIB Condition cause : null
2021-07-18 03:08:24,289 [WARN] ConditionMgr:1040 - genDependencies : Invalid condition id : Sigfox Third Party LIB Condition cause : null
2021-07-18 03:08:24,289 [WARN] ConditionMgr:1040 - genDependencies : Invalid condition id : SIGFOX STM32 LIB Condition cause : null
2021-07-18 03:08:24,289 [WARN] ConditionMgr:1040 - genDependencies : Invalid condition id : SIGFOX STM32 LIB Condition cause : null
2021-07-18 03:08:24,289 [WARN] ConditionMgr:1040 - genDependencies : Invalid condition id : Sigfox Third Party LIB Condition cause : null
2021-07-18 03:08:24,304 [WARN] PackLoader:226 - Cannot read IP mode file for STMicroelectronics.X-CUBE-SUBG2.4.1.0
2021-07-18 03:08:24,383 [WARN] PackLoader:226 - Cannot read IP mode file for STMicroelectronics.X-CUBE-MEMS1.8.2.0
2021-07-18 03:08:24,599 [WARN] PackLoader:226 - Cannot read IP mode file for STMicroelectronics.X-CUBE-EEPRMA1.3.0.0
2021-07-18 03:08:24,610 [WARN] PackLoader:226 - Cannot read IP mode file for STMicroelectronics.X-CUBE-ALGOBUILD.1.1.0
2021-07-18 03:08:24,661 [WARN] PackLoader:226 - Cannot read IP mode file for SEGGER.I-CUBE-embOS.1.2.0
2021-07-18 03:08:24,724 [WARN] PackLoader:226 - Cannot read IP mode file for STMicroelectronics.X-CUBE-GNSS1.5.1.0
2021-07-18 03:08:24,724 [WARN] PackLoader:226 - Cannot read IP mode file for STMicroelectronics.X-CUBE-BLE1.6.2.0
2021-07-18 03:08:24,724 [WARN] PackLoader:226 - Cannot read IP mode file for STMicroelectronics.X-CUBE-NFC4.2.0.2
2021-07-18 03:08:24,740 [WARN] PackLoader:226 - Cannot read IP mode file for STMicroelectronics.X-CUBE-TOUCHGFX.4.17.0
2021-07-18 03:08:24,740 [WARN] PackLoader:226 - Cannot read IP mode file for STMicroelectronics.X-CUBE-NFC4.2.0.1
2021-07-18 03:08:24,740 [WARN] PackLoader:226 - Cannot read IP mode file for STMicroelectronics.X-CUBE-BLE2.3.2.0
2021-07-18 03:08:24,755 [WARN] PackLoader:226 - Cannot read IP mode file for STMicroelectronics.X-CUBE-SUBG2.3.0.0
2021-07-18 03:08:24,771 [WARN] PackLoader:226 - Cannot read IP mode file for STMicroelectronics.X-CUBE-SUBG2.4.0.0
2021-07-18 03:08:24,786 [WARN] PackLoader:226 - Cannot read IP mode file for STMicroelectronics.X-CUBE-TOF1.1.0.0
2021-07-18 03:08:24,818 [WARN] PackLoader:226 - Cannot read IP mode file for STMicroelectronics.X-CUBE-AZRTOS-H7.1.0.0
2021-07-18 03:08:24,865 [WARN] PackLoader:226 - Cannot read IP mode file for STMicroelectronics.X-CUBE-MEMS1.8.3.0
2021-07-18 03:08:25,006 [WARN] PackLoader:226 - Cannot read IP mode file for STMicroelectronics.X-CUBE-DISPLAY.1.0.0
2021-07-18 03:08:25,022 [WARN] PackLoader:226 - Cannot read IP mode file for STMicroelectronics.X-CUBE-AI.6.0.0
2021-07-18 03:08:25,022 [WARN] PackLoader:226 - Cannot read IP mode file for STMicroelectronics.X-CUBE-ALGOBUILD.1.2.0
2021-07-18 03:08:25,022 [WARN] PackLoader:226 - Cannot read IP mode file for STMicroelectronics.X-CUBE-GNSS1.5.2.0
2021-07-18 03:08:25,022 [WARN] PackLoader:226 - Cannot read IP mode file for STMicroelectronics.X-CUBE-BLE1.6.1.0
2021-07-18 03:08:25,038 [WARN] PackLoader:226 - Cannot read IP mode file for wolfSSL.I-CUBE-wolfSSL.4.7.0
2021-07-18 03:08:25,038 [WARN] PackLoader:226 - Cannot read IP mode file for STMicroelectronics.X-CUBE-TOUCHGFX.4.16.1
2021-07-18 03:08:25,038 [WARN] PackLoader:226 - Cannot read IP mode file for STMicroelectronics.X-CUBE-AI.5.2.0
2021-07-18 03:08:25,038 [WARN] PackLoader:226 - Cannot read IP mode file for STMicroelectronics.X-CUBE-TOUCHGFX.4.16.0
2021-07-18 03:08:25,038 [WARN] PackLoader:226 - Cannot read IP mode file for STMicroelectronics.X-CUBE-BLE2.3.1.0
2021-07-18 03:08:25,038 [INFO] ThirdParty:900 - Integrity check success = true
2021-07-18 03:08:25,038 [INFO] IntegrityCheckThread:75 - exiting critical section [integrity check]
2021-07-18 03:08:25,038 [INFO] IntegrityCheckThread:78 - End integrity checks thread
2021-07-18 03:08:26,425 [INFO] Context:587 - Trying to add GPIOservice into a context  which must be forbidden
2021-07-18 03:08:26,703 [INFO] ImportTextPane:162 - (OptionalMessage_ERROR) Unable to find key (Mcu.ThirdPartyNb) in loaded IOC file
2021-07-18 03:08:26,703 [INFO] ImportTextPane:162 - (OptionalMessage_ERROR) Unable to find key (Mcu.PinsNb) in loaded IOC file
2021-07-18 03:08:26,703 [INFO] ImportTextPane:162 - (OptionalMessage_ERROR) Unable to find key (Mcu.IPNb) in loaded IOC file
2021-07-18 03:08:26,766 [WARN] ApiManager:294 - Cannot register API 'Board Extension:S2868A1' from pack STMicroelectronics.X-CUBE-SFXS2LP1.3.0.0: no header file found
2021-07-18 03:08:26,767 [WARN] ApiManager:294 - Cannot register API 'Board Extension:S2868A2' from pack STMicroelectronics.X-CUBE-SFXS2LP1.3.0.0: no header file found
2021-07-18 03:08:26,767 [WARN] ApiManager:294 - Cannot register API 'Board Extension:S2915A1' from pack STMicroelectronics.X-CUBE-SFXS2LP1.3.0.0: no header file found
2021-07-18 03:08:26,780 [WARN] ApiManager:294 - Cannot register API 'Board Extension:S2868A1' from pack STMicroelectronics.X-CUBE-SUBG2.3.0.0: no header file found
2021-07-18 03:08:26,780 [WARN] ApiManager:294 - Cannot register API 'Board Extension:S2868A2' from pack STMicroelectronics.X-CUBE-SUBG2.3.0.0: no header file found
2021-07-18 03:08:26,780 [WARN] ApiManager:294 - Cannot register API 'Board Extension:S2915A1' from pack STMicroelectronics.X-CUBE-SUBG2.3.0.0: no header file found
2021-07-18 03:08:26,787 [WARN] ModelIntegratedComponent:51 - No mode defined for component null
2021-07-18 03:08:26,787 [WARN] ModelIntegratedComponent:51 - No mode defined for component null
2021-07-18 03:08:26,787 [WARN] ModelIntegratedComponent:51 - No mode defined for component null
2021-07-18 03:08:26,787 [WARN] ModelIntegratedComponent:51 - No mode defined for component null
2021-07-18 03:08:26,788 [WARN] ModelIntegratedComponent:51 - No mode defined for component null
2021-07-18 03:08:26,788 [WARN] ModelIntegratedComponent:51 - No mode defined for component null
2021-07-18 03:08:26,788 [WARN] ModelIntegratedComponent:51 - No mode defined for component null
2021-07-18 03:08:26,788 [WARN] ModelIntegratedComponent:51 - No mode defined for component null
2021-07-18 03:08:26,788 [WARN] ModelIntegratedComponent:51 - No mode defined for component null
2021-07-18 03:08:26,788 [WARN] ModelIntegratedComponent:51 - No mode defined for component null
2021-07-18 03:08:26,788 [WARN] ModelIntegratedComponent:51 - No mode defined for component null
2021-07-18 03:08:26,789 [WARN] ModelIntegratedComponent:51 - No mode defined for component null
2021-07-18 03:08:26,789 [WARN] ModelIntegratedComponent:51 - No mode defined for component null
2021-07-18 03:08:26,789 [WARN] ModelIntegratedComponent:51 - No mode defined for component null
2021-07-18 03:08:26,789 [WARN] ModelIntegratedComponent:51 - No mode defined for component null
2021-07-18 03:08:26,789 [WARN] ModelIntegratedComponent:51 - No mode defined for component null
2021-07-18 03:08:26,789 [WARN] ModelIntegratedComponent:51 - No mode defined for component null
2021-07-18 03:08:26,790 [WARN] ModelIntegratedComponent:51 - No mode defined for component null
2021-07-18 03:08:26,790 [WARN] ModelIntegratedComponent:51 - No mode defined for component null
2021-07-18 03:08:26,790 [WARN] ModelIntegratedComponent:51 - No mode defined for component null
2021-07-18 03:08:26,790 [WARN] ModelIntegratedComponent:51 - No mode defined for component null
2021-07-18 03:08:26,790 [WARN] ModelIntegratedComponent:51 - No mode defined for component null
2021-07-18 03:08:26,790 [WARN] ModelIntegratedComponent:51 - No mode defined for component null
2021-07-18 03:08:26,791 [WARN] ModelIntegratedComponent:51 - No mode defined for component null
2021-07-18 03:08:26,791 [WARN] ModelIntegratedComponent:51 - No mode defined for component null
2021-07-18 03:08:26,791 [WARN] ModelIntegratedComponent:51 - No mode defined for component null
2021-07-18 03:08:26,791 [WARN] ModelIntegratedComponent:51 - No mode defined for component null
2021-07-18 03:08:26,795 [WARN] ApiManager:294 - Cannot register API 'Board Extension:S2868A1' from pack STMicroelectronics.X-CUBE-SFXS2LP1.2.0.0: no header file found
2021-07-18 03:08:26,795 [WARN] ApiManager:294 - Cannot register API 'Board Extension:S2868A2' from pack STMicroelectronics.X-CUBE-SFXS2LP1.2.0.0: no header file found
2021-07-18 03:08:26,796 [WARN] ApiManager:294 - Cannot register API 'Board Extension:S2915A1' from pack STMicroelectronics.X-CUBE-SFXS2LP1.2.0.0: no header file found
2021-07-18 03:08:26,803 [WARN] ApiManager:294 - Cannot register API 'Board Extension:S2868A1' from pack STMicroelectronics.X-CUBE-SUBG2.4.1.0: no header file found
2021-07-18 03:08:26,803 [WARN] ApiManager:294 - Cannot register API 'Board Extension:S2868A2' from pack STMicroelectronics.X-CUBE-SUBG2.4.1.0: no header file found
2021-07-18 03:08:26,804 [WARN] ApiManager:294 - Cannot register API 'Board Extension:S2915A1' from pack STMicroelectronics.X-CUBE-SUBG2.4.1.0: no header file found
2021-07-18 03:08:26,811 [WARN] ApiManager:294 - Cannot register API 'Board Extension:S2868A1' from pack STMicroelectronics.X-CUBE-SUBG2.4.0.0: no header file found
2021-07-18 03:08:26,811 [WARN] ApiManager:294 - Cannot register API 'Board Extension:S2868A2' from pack STMicroelectronics.X-CUBE-SUBG2.4.0.0: no header file found
2021-07-18 03:08:26,811 [WARN] ApiManager:294 - Cannot register API 'Board Extension:S2915A1' from pack STMicroelectronics.X-CUBE-SUBG2.4.0.0: no header file found
2021-07-18 03:08:27,031 [WARN] ApiManager:294 - Cannot register API 'Board Extension:IKS01A3' from pack STMicroelectronics.X-CUBE-MEMS1.8.2.0: no header file found
2021-07-18 03:08:27,031 [WARN] ApiManager:294 - Cannot register API 'Board Extension:IKS01A2' from pack STMicroelectronics.X-CUBE-MEMS1.8.2.0: no header file found
2021-07-18 03:08:27,031 [WARN] ApiManager:294 - Cannot register API 'Board Extension:IKS02A1' from pack STMicroelectronics.X-CUBE-MEMS1.8.2.0: no header file found
2021-07-18 03:08:27,046 [WARN] ApiManager:294 - Cannot register API 'Board Extension:EEPRMA1' from pack STMicroelectronics.X-CUBE-EEPRMA1.3.0.0: no header file found
2021-07-18 03:08:27,046 [WARN] ApiManager:294 - Cannot register API 'Board Extension:EEPRMA2' from pack STMicroelectronics.X-CUBE-EEPRMA1.3.0.0: no header file found
2021-07-18 03:08:27,171 [WARN] ApiManager:294 - Cannot register API 'Board Extension:IKS01A3' from pack STMicroelectronics.X-CUBE-MEMS1.8.3.0: no header file found
2021-07-18 03:08:27,171 [WARN] ApiManager:294 - Cannot register API 'Board Extension:IKS01A2' from pack STMicroelectronics.X-CUBE-MEMS1.8.3.0: no header file found
2021-07-18 03:08:27,171 [WARN] ApiManager:294 - Cannot register API 'Board Extension:IKS02A1' from pack STMicroelectronics.X-CUBE-MEMS1.8.3.0: no header file found
2021-07-18 03:08:27,171 [INFO] RtosManager:470 - Registered RTOS mode: class=CMSIS, group=RTOS, mode=CMSIS_V1, owner=FREERTOS
2021-07-18 03:08:27,171 [INFO] RtosManager:470 - Registered RTOS mode: class=CMSIS, group=RTOS2, mode=CMSIS_V2, owner=FREERTOS
2021-07-18 03:08:27,171 [INFO] RtosManager:470 - Registered RTOS mode: class=RTOS, group=Core, mode=CMSIS_V1, owner=FREERTOS
2021-07-18 03:08:27,171 [INFO] RtosManager:470 - Registered RTOS mode: class=RTOS, group=Core, mode=CMSIS_V2, owner=FREERTOS
2021-07-18 03:08:27,171 [WARN] ModelIntegratedComponent:182 - Missing modes for component STMicroelectronics:FreeRTOS:0.0.1:STMicroelectronics:RTOS:FreeRTOS:Core:::10.2.0:
2021-07-18 03:08:27,171 [WARN] ApiManager:294 - Cannot register API 'Board Extension:GNSS1A1' from pack STMicroelectronics.X-CUBE-GNSS1.5.1.0: no header file found
2021-07-18 03:08:27,171 [WARN] ApiManager:294 - Cannot register API 'Board Support:Custom' from pack STMicroelectronics.X-CUBE-GNSS1.5.1.0: no header file found
2021-07-18 03:08:27,171 [WARN] ApiManager:294 - Cannot register API 'Data Exchange:lib_gnss' from pack STMicroelectronics.X-CUBE-GNSS1.5.1.0: no header file found
2021-07-18 03:08:27,171 [WARN] ApiManager:294 - Cannot register API 'Board Extension:GNSS1A1' from pack STMicroelectronics.X-CUBE-GNSS1.5.2.0: no header file found
2021-07-18 03:08:27,171 [WARN] ApiManager:294 - Cannot register API 'Board Support:Custom' from pack STMicroelectronics.X-CUBE-GNSS1.5.2.0: no header file found
2021-07-18 03:08:27,171 [WARN] ApiManager:294 - Cannot register API 'Data Exchange:lib_gnss' from pack STMicroelectronics.X-CUBE-GNSS1.5.2.0: no header file found
2021-07-18 03:08:27,171 [WARN] ApiManager:294 - Cannot register API 'Wireless:BlueNRG-MS' from pack STMicroelectronics.X-CUBE-BLE1.6.1.0: no header file found
2021-07-18 03:08:27,171 [WARN] ApiManager:294 - Cannot register API 'Wireless:BlueNRG-MS' from pack STMicroelectronics.X-CUBE-BLE1.6.2.0: no header file found
2021-07-18 03:08:27,171 [WARN] ApiManager:294 - Cannot register API 'Board Extension:NFC04A1' from pack STMicroelectronics.X-CUBE-NFC4.2.0.2: no header file found
2021-07-18 03:08:27,187 [WARN] ApiManager:294 - Cannot register API 'Board Extension:NFC04A1' from pack STMicroelectronics.X-CUBE-NFC4.2.0.1: no header file found
2021-07-18 03:08:27,187 [WARN] ApiManager:294 - Cannot register API 'Wireless:BlueNRG-2' from pack STMicroelectronics.X-CUBE-BLE2.3.1.0: no header file found
2021-07-18 03:08:27,187 [WARN] ApiManager:294 - Cannot register API 'Wireless:BlueNRG-2' from pack STMicroelectronics.X-CUBE-BLE2.3.2.0: no header file found
2021-07-18 03:08:28,429 [INFO] UtilMem:74 - End LoadConfig() Used Memory: 494635696 Bytes (577765376)
2021-07-18 03:08:28,496 [WARN] ThirdParty:762 - waiting for thirdparty lock release [change project]
2021-07-18 03:08:28,496 [INFO] ThirdParty:764 - entering critical section [change project]
2021-07-18 03:08:28,496 [INFO] ThirdParty:952 - CMSIS Pack Vendor :RoweBots I-CUBE-UNISONRTOS 5.5.0-4
2021-07-18 03:08:28,496 [INFO] ThirdParty:952 - CMSIS Pack Vendor :STMicroelectronics X-CUBE-SFXS2LP1 3.0.0
2021-07-18 03:08:28,496 [INFO] ThirdParty:952 - CMSIS Pack Vendor :STMicroelectronics USB_HOST 2.0.0
2021-07-18 03:08:28,496 [INFO] ThirdParty:952 - CMSIS Pack Vendor :STMicroelectronics X-CUBE-SUBG2 3.0.0
2021-07-18 03:08:28,496 [INFO] ThirdParty:952 - CMSIS Pack Vendor :STMicroelectronics USB_DEVICE 3.0.0
2021-07-18 03:08:28,496 [INFO] ThirdParty:952 - CMSIS Pack Vendor :STMicroelectronics HAL Drivers 0.0.0
2021-07-18 03:08:28,496 [INFO] ThirdParty:952 - CMSIS Pack Vendor :STMicroelectronics MBEDTLS 2.16.2
2021-07-18 03:08:28,496 [INFO] ThirdParty:952 - CMSIS Pack Vendor :STMicroelectronics X-CUBE-SFXS2LP1 2.0.0
2021-07-18 03:08:28,496 [INFO] ThirdParty:952 - CMSIS Pack Vendor :STMicroelectronics MBEDTLS 2.14.1
2021-07-18 03:08:28,496 [INFO] ThirdParty:952 - CMSIS Pack Vendor :STMicroelectronics X-CUBE-SUBG2 4.1.0
2021-07-18 03:08:28,496 [INFO] ThirdParty:952 - CMSIS Pack Vendor :STMicroelectronics X-CUBE-SUBG2 4.0.0
2021-07-18 03:08:28,496 [INFO] ThirdParty:952 - CMSIS Pack Vendor :STMicroelectronics X-CUBE-TOF1 1.0.0
2021-07-18 03:08:28,496 [INFO] ThirdParty:952 - CMSIS Pack Vendor :STMicroelectronics X-CUBE-AZRTOS-H7 1.0.0
2021-07-18 03:08:28,496 [INFO] ThirdParty:952 - CMSIS Pack Vendor :STMicroelectronics USB_DEVICE 2.0.0
2021-07-18 03:08:28,496 [INFO] ThirdParty:952 - CMSIS Pack Vendor :STMicroelectronics X-CUBE-MEMS1 8.2.0
2021-07-18 03:08:28,496 [INFO] ThirdParty:952 - CMSIS Pack Vendor :STMicroelectronics X-CUBE-EEPRMA1 3.0.0
2021-07-18 03:08:28,496 [INFO] ThirdParty:952 - CMSIS Pack Vendor :STMicroelectronics X-CUBE-MEMS1 8.3.0
2021-07-18 03:08:28,496 [INFO] ThirdParty:952 - CMSIS Pack Vendor :STMicroelectronics X-CUBE-DISPLAY 1.0.0
2021-07-18 03:08:28,496 [INFO] ThirdParty:952 - CMSIS Pack Vendor :STMicroelectronics FreeRTOS 0.0.1
2021-07-18 03:08:28,496 [INFO] ThirdParty:952 - CMSIS Pack Vendor :STMicroelectronics USB_DEVICE 1.0.0
2021-07-18 03:08:28,496 [INFO] ThirdParty:952 - CMSIS Pack Vendor :STMicroelectronics X-CUBE-AI 6.0.0
2021-07-18 03:08:28,496 [INFO] ThirdParty:952 - CMSIS Pack Vendor :STMicroelectronics X-CUBE-ALGOBUILD 1.1.0
2021-07-18 03:08:28,496 [INFO] ThirdParty:952 - CMSIS Pack Vendor :SEGGER I-CUBE-embOS 1.2.0
2021-07-18 03:08:28,496 [INFO] ThirdParty:952 - CMSIS Pack Vendor :STMicroelectronics X-CUBE-ALGOBUILD 1.2.0
2021-07-18 03:08:28,496 [INFO] ThirdParty:952 - CMSIS Pack Vendor :STMicroelectronics X-CUBE-GNSS1 5.1.0
2021-07-18 03:08:28,496 [INFO] ThirdParty:952 - CMSIS Pack Vendor :STMicroelectronics X-CUBE-GNSS1 5.2.0
2021-07-18 03:08:28,496 [INFO] ThirdParty:952 - CMSIS Pack Vendor :STMicroelectronics X-CUBE-BLE1 6.1.0
2021-07-18 03:08:28,496 [INFO] ThirdParty:952 - CMSIS Pack Vendor :STMicroelectronics lwIP 2.0.3
2021-07-18 03:08:28,496 [INFO] ThirdParty:952 - CMSIS Pack Vendor :STMicroelectronics lwIP 2.1.2
2021-07-18 03:08:28,496 [INFO] ThirdParty:952 - CMSIS Pack Vendor :STMicroelectronics X-CUBE-BLE1 6.2.0
2021-07-18 03:08:28,496 [INFO] ThirdParty:952 - CMSIS Pack Vendor :STMicroelectronics USB_HOST 1.0.0
2021-07-18 03:08:28,496 [INFO] ThirdParty:952 - CMSIS Pack Vendor :STMicroelectronics X-CUBE-NFC4 2.0.2
2021-07-18 03:08:28,496 [INFO] ThirdParty:952 - CMSIS Pack Vendor :STMicroelectronics X-CUBE-TOUCHGFX 4.17.0
2021-07-18 03:08:28,496 [INFO] ThirdParty:952 - CMSIS Pack Vendor :STMicroelectronics X-CUBE-NFC4 2.0.1
2021-07-18 03:08:28,496 [INFO] ThirdParty:952 - CMSIS Pack Vendor :wolfSSL I-CUBE-wolfSSL 4.7.0
2021-07-18 03:08:28,496 [INFO] ThirdParty:952 - CMSIS Pack Vendor :STMicroelectronics X-CUBE-TOUCHGFX 4.16.1
2021-07-18 03:08:28,496 [INFO] ThirdParty:952 - CMSIS Pack Vendor :STMicroelectronics X-CUBE-AI 5.2.0
2021-07-18 03:08:28,496 [INFO] ThirdParty:952 - CMSIS Pack Vendor :STMicroelectronics PDM2PCM 3.1.0
2021-07-18 03:08:28,496 [INFO] ThirdParty:952 - CMSIS Pack Vendor :STMicroelectronics X-CUBE-TOUCHGFX 4.16.0
2021-07-18 03:08:28,496 [INFO] ThirdParty:952 - CMSIS Pack Vendor :STMicroelectronics PDM2PCM 3.2.0
2021-07-18 03:08:28,496 [INFO] ThirdParty:952 - CMSIS Pack Vendor :STMicroelectronics X-CUBE-BLE2 3.1.0
2021-07-18 03:08:28,496 [INFO] ThirdParty:952 - CMSIS Pack Vendor :STMicroelectronics PDM2PCM 3.3.0
2021-07-18 03:08:28,496 [INFO] ThirdParty:952 - CMSIS Pack Vendor :STMicroelectronics X-CUBE-BLE2 3.2.0
2021-07-18 03:08:28,496 [INFO] ThirdParty:770 - exiting critical section [change project]
2021-07-18 03:08:28,814 [INFO] PinOutPanel:1435 - setPackage(No Configuration,No Configuration)
2021-07-18 03:08:28,814 [INFO] PinOutPanel:1435 - setPackage(STM32F103C8Tx,LQFP48)
2021-07-18 03:08:29,372 [INFO] UtilMem:74 - Before build in PCC Used Memory: 450783344 Bytes (577765376)
2021-07-18 03:08:29,940 [INFO] SharedServices:72 - Folder for power plug-in: C:/Users/megha/.stm32cubemx/plugins/power
2021-07-18 03:08:30,007 [INFO] SharedServices:72 - Folder for power plug-in: C:/Users/megha/.stm32cubemx/plugins/power
2021-07-18 03:08:30,041 [INFO] SharedServices:72 - Folder for power plug-in: C:/Users/megha/.stm32cubemx/plugins/power
2021-07-18 03:08:30,045 [INFO] SharedServices:72 - Folder for power plug-in: C:/Users/megha/.stm32cubemx/plugins/power
2021-07-18 03:08:30,225 [INFO] UtilMem:74 - After build in PCC Used Memory: 470836728 Bytes (577765376)
2021-07-18 03:08:30,243 [INFO] IPUIPlugin:64 - create IPUIPlugin
2021-07-18 03:08:30,244 [INFO] IPUIPlugin:64 - create IPUIPlugin
2021-07-18 03:08:30,244 [INFO] IPUIPlugin:64 - create IPUIPlugin
2021-07-18 03:08:30,244 [INFO] IPUIPlugin:64 - create IPUIPlugin
2021-07-18 03:08:30,244 [INFO] IPUIPlugin:64 - create IPUIPlugin
2021-07-18 03:08:30,245 [INFO] IPUIPlugin:64 - create IPUIPlugin
2021-07-18 03:08:30,245 [INFO] IPUIPlugin:64 - create IPUIPlugin
2021-07-18 03:08:30,245 [INFO] IPUIPlugin:64 - create IPUIPlugin
2021-07-18 03:08:30,245 [INFO] IPUIPlugin:64 - create IPUIPlugin
2021-07-18 03:08:30,245 [INFO] IPUIPlugin:64 - create IPUIPlugin
2021-07-18 03:08:30,246 [INFO] IPUIPlugin:64 - create IPUIPlugin
2021-07-18 03:08:30,246 [INFO] IPUIPlugin:64 - create IPUIPlugin
2021-07-18 03:08:30,246 [INFO] IPUIPlugin:64 - create IPUIPlugin
2021-07-18 03:08:30,246 [INFO] IPUIPlugin:64 - create IPUIPlugin
2021-07-18 03:08:30,247 [INFO] IPUIPlugin:64 - create IPUIPlugin
2021-07-18 03:08:30,247 [INFO] IPUIPlugin:64 - create IPUIPlugin
2021-07-18 03:08:30,248 [INFO] IPUIPlugin:64 - create IPUIPlugin
2021-07-18 03:08:30,248 [INFO] IPUIPlugin:64 - create IPUIPlugin
2021-07-18 03:08:30,248 [INFO] IPUIPlugin:64 - create IPUIPlugin
2021-07-18 03:08:30,248 [INFO] IPUIPlugin:64 - create IPUIPlugin
2021-07-18 03:08:30,249 [INFO] IPUIPlugin:64 - create IPUIPlugin
2021-07-18 03:08:30,249 [INFO] IPUIPlugin:64 - create IPUIPlugin
2021-07-18 03:08:30,249 [INFO] IPUIPlugin:64 - create IPUIPlugin
2021-07-18 03:08:30,250 [INFO] IPUIPlugin:64 - create IPUIPlugin
2021-07-18 03:08:30,250 [INFO] IPUIPlugin:64 - create IPUIPlugin
2021-07-18 03:08:30,251 [INFO] IPUIPlugin:64 - create IPUIPlugin
2021-07-18 03:08:30,251 [INFO] IPUIPlugin:64 - create IPUIPlugin
2021-07-18 03:08:30,349 [INFO] LogOutputStream:76 - [STDOUT_REDIRECT] toolchainItems.length=====1
2021-07-18 03:08:30,487 [INFO] OpenFileManager:323 - Restore cursor
2021-07-18 03:08:30,859 [INFO] UtilMem:74 - End SaveConfig() Used Memory: 464811248 Bytes (577765376)
2021-07-18 03:08:30,923 [INFO] UtilMem:74 - End SaveConfig() Used Memory: 472181384 Bytes (577765376)
2021-07-18 03:08:31,255 [INFO] BlockDiagram:2735 - set Specific Code input for plugin: NVIC
2021-07-18 03:08:31,255 [INFO] BlockDiagram:2735 - set Specific Code input for plugin: SYS
2021-07-18 03:08:31,255 [INFO] BlockDiagram:2735 - set Specific Code input for plugin: RCC
2021-07-18 03:08:31,255 [INFO] CodeGenerator:641 - code generatio: config db path: D:\STM32CubeIDE_1.6.0\STM32CubeIDE\plugins\com.st.stm32cube.common.mx_6.2.1.202103241236\\db\
2021-07-18 03:08:31,609 [INFO] CodeEngine:229 - oldGeneratedFile, D:\Embedded_STM32\Blink_Baremetal\MXTmpFiles\license.tmp_save
2021-07-18 03:08:31,943 [INFO] CodeEngine:247 - Generated code: D:\Embedded_STM32\Blink_Baremetal\MXTmpFiles\license.tmp
2021-07-18 03:08:32,139 [INFO] CodeEngine:229 - oldGeneratedFile, D:\Embedded_STM32\Blink_Baremetal\Core\Src\stm32f1xx_it.c_save
2021-07-18 03:08:32,242 [INFO] CodeEngine:247 - Generated code: D:\Embedded_STM32\Blink_Baremetal\Core\Src\stm32f1xx_it.c
2021-07-18 03:08:32,409 [INFO] CodeEngine:229 - oldGeneratedFile, D:\Embedded_STM32\Blink_Baremetal\Core\Inc\stm32f1xx_it.h_save
2021-07-18 03:08:32,456 [INFO] CodeEngine:247 - Generated code: D:\Embedded_STM32\Blink_Baremetal\Core\Inc\stm32f1xx_it.h
2021-07-18 03:08:32,495 [INFO] CodeEngine:229 - oldGeneratedFile, D:\Embedded_STM32\Blink_Baremetal\Core\Src\stm32f1xx_hal_msp.c_save
2021-07-18 03:08:32,594 [INFO] CodeEngine:247 - Generated code: D:\Embedded_STM32\Blink_Baremetal\Core\Src\stm32f1xx_hal_msp.c
2021-07-18 03:08:32,611 [INFO] CodeEngine:229 - oldGeneratedFile, D:\Embedded_STM32\Blink_Baremetal\MXTmpFiles\system.tmp_save
2021-07-18 03:08:32,657 [INFO] CodeEngine:247 - Generated code: D:\Embedded_STM32\Blink_Baremetal\MXTmpFiles\system.tmp
2021-07-18 03:08:32,663 [INFO] CodeEngine:229 - oldGeneratedFile, D:\Embedded_STM32\Blink_Baremetal\Core\Inc\stm32f1xx_hal_conf.h_save
2021-07-18 03:08:32,722 [INFO] CodeEngine:247 - Generated code: D:\Embedded_STM32\Blink_Baremetal\Core\Inc\stm32f1xx_hal_conf.h
2021-07-18 03:08:32,854 [INFO] CodeEngine:229 - oldGeneratedFile, D:\Embedded_STM32\Blink_Baremetal\Core\Inc\main.h_save
2021-07-18 03:08:32,916 [INFO] CodeEngine:247 - Generated code: D:\Embedded_STM32\Blink_Baremetal\Core\Inc\main.h
2021-07-18 03:08:32,948 [INFO] CodeEngine:229 - oldGeneratedFile, D:\Embedded_STM32\Blink_Baremetal\Core\Src\main.c_save
2021-07-18 03:08:33,010 [INFO] CodeEngine:247 - Generated code: D:\Embedded_STM32\Blink_Baremetal\Core\Src\main.c
2021-07-18 03:08:33,871 [INFO] ProjectBuilder:2460 - Time for Copy HAL[1] : 93mS.
2021-07-18 03:08:33,887 [INFO] ProjectBuilder:3418 - Project Generator version: 3.13.0-B3
2021-07-18 03:08:34,379 [INFO] ConfigFileManager:1242 - The Die is : DIE410
2021-07-18 03:08:34,413 [INFO] ApiDbMcu:458 - Load IP Config File for FATFS
2021-07-18 03:08:34,597 [INFO] ApiDbMcu:458 - Load IP Config File for FREERTOS
2021-07-18 03:08:34,644 [INFO] ApiDbMcu:458 - Load IP Config File for USB_DEVICE
2021-07-18 03:08:39,512 [INFO] ProjectBuilder:3584 - Time for Generating toolchain IDE Files: 5625mS.
2021-07-18 03:08:39,513 [INFO] ProjectBuilder:2339 - Time for Copy CMSIS : 0mS.
2021-07-18 03:08:39,515 [INFO] ProjectBuilder:2339 - Time for Copy CMSIS : 0mS.
2021-07-18 03:08:40,022 [INFO] ApiDb:276 - Save user favorites file C:\Users\megha/.stm32cubeide/favorites.mcus.txt: 0 item(s)
2021-07-18 03:08:40,022 [INFO] ApiDb:280 - User favorites MCUs=[]
2021-07-18 03:09:55,840 [INFO] Gpio:248 - dependency for GPIO []
2021-07-18 03:10:04,733 [INFO] Gpio:248 - dependency for GPIO []
2021-07-18 03:10:41,734 [INFO] Gpio:248 - dependency for GPIO [RCC, SYS]
2021-07-18 03:12:37,104 [INFO] MainUpdater:2661 - connection check result : 10
2021-07-18 03:12:37,217 [INFO] CrossSelectorPresenter:1330 - Cross Selector saved comparison directory: C:\Users\megha\.stmcufinder\plugins\mcufinder\mcu\cs_comparisons_mx
2021-07-18 03:12:37,217 [INFO] MultiScanPanel:200 - Auto-refresh data requested => check proxy status ongoing
2021-07-18 03:12:37,217 [INFO] FinderPluginLoader:87 - Searching for filters in installed packs
2021-07-18 03:12:37,496 [WARN] DetailPanel:315 - Failed to get advertising image, set to default
2021-07-18 03:12:40,841 [INFO] ApiDb:276 - Save user favorites file C:\Users\megha/.stm32cubeide/favorites.mcus.txt: 0 item(s)
2021-07-18 03:12:40,841 [INFO] ApiDb:280 - User favorites MCUs=[]
2021-07-18 03:14:04,183 [INFO] MainUpdater:2661 - connection check result : 10
2021-07-18 03:14:04,299 [INFO] CrossSelectorPresenter:1330 - Cross Selector saved comparison directory: C:\Users\megha\.stmcufinder\plugins\mcufinder\mcu\cs_comparisons_mx
2021-07-18 03:14:04,301 [INFO] MultiScanPanel:200 - Auto-refresh data requested => check proxy status ongoing
2021-07-18 03:14:04,301 [INFO] FinderPluginLoader:87 - Searching for filters in installed packs
2021-07-18 03:14:04,500 [WARN] DetailPanel:315 - Failed to get advertising image, set to default
2021-07-18 03:14:32,157 [INFO] MainUpdater:2661 - connection check result : 10
2021-07-18 03:14:32,157 [INFO] MainUpdater:2661 - connection check result : 10
2021-07-18 03:14:32,198 [INFO] MicroXplorer:442 - Change Database Path : 
2021-07-18 03:14:32,198 [INFO] MicroXplorer:472 - Change Database Version : DB.6.0.21
2021-07-18 03:14:32,198 [WARN] ThirdParty:796 - waiting for thirdparty lock release [close project]
2021-07-18 03:14:32,198 [INFO] ThirdParty:798 - entering critical section [close project]
2021-07-18 03:14:32,198 [INFO] ThirdParty:809 - exiting critical section [close project]
2021-07-18 03:14:32,198 [INFO] PinOutPanel:1435 - setPackage(No Configuration,No Configuration)
2021-07-18 03:14:32,209 [INFO] UtilMem:74 - Begin LoadConfig() Used Memory: 852278952 Bytes (1073741824)
2021-07-18 03:14:32,209 [INFO] MicroXplorer:442 - Change Database Path : 
2021-07-18 03:14:32,210 [INFO] MicroXplorer:472 - Change Database Version : DB.6.0.21
2021-07-18 03:14:32,210 [INFO] OpenFileManager:303 - Change cursor
2021-07-18 03:14:32,238 [INFO] RulesReader:52 - Compatibility file has been processed (237 Rules)
2021-07-18 03:14:32,869 [INFO] Context:587 - Trying to add GPIOservice into a context  which must be forbidden
2021-07-18 03:14:32,994 [INFO] ImportTextPane:162 - (OptionalMessage_ERROR) Unable to find key (Mcu.ThirdPartyNb) in loaded IOC file
2021-07-18 03:14:32,994 [INFO] ImportTextPane:162 - (OptionalMessage_ERROR) Unable to find key (Mcu.PinsNb) in loaded IOC file
2021-07-18 03:14:32,994 [INFO] ImportTextPane:162 - (OptionalMessage_ERROR) Unable to find key (Mcu.IPNb) in loaded IOC file
2021-07-18 03:14:33,009 [WARN] ApiManager:294 - Cannot register API 'Board Extension:S2868A1' from pack STMicroelectronics.X-CUBE-SFXS2LP1.3.0.0: no header file found
2021-07-18 03:14:33,009 [WARN] ApiManager:294 - Cannot register API 'Board Extension:S2868A2' from pack STMicroelectronics.X-CUBE-SFXS2LP1.3.0.0: no header file found
2021-07-18 03:14:33,009 [WARN] ApiManager:294 - Cannot register API 'Board Extension:S2915A1' from pack STMicroelectronics.X-CUBE-SFXS2LP1.3.0.0: no header file found
2021-07-18 03:14:33,025 [WARN] ApiManager:294 - Cannot register API 'Board Extension:S2868A1' from pack STMicroelectronics.X-CUBE-SUBG2.3.0.0: no header file found
2021-07-18 03:14:33,025 [WARN] ApiManager:294 - Cannot register API 'Board Extension:S2868A2' from pack STMicroelectronics.X-CUBE-SUBG2.3.0.0: no header file found
2021-07-18 03:14:33,025 [WARN] ApiManager:294 - Cannot register API 'Board Extension:S2915A1' from pack STMicroelectronics.X-CUBE-SUBG2.3.0.0: no header file found
2021-07-18 03:14:33,025 [WARN] ModelIntegratedComponent:51 - No mode defined for component null
2021-07-18 03:14:33,025 [WARN] ModelIntegratedComponent:51 - No mode defined for component null
2021-07-18 03:14:33,025 [WARN] ModelIntegratedComponent:51 - No mode defined for component null
2021-07-18 03:14:33,025 [WARN] ModelIntegratedComponent:51 - No mode defined for component null
2021-07-18 03:14:33,025 [WARN] ModelIntegratedComponent:51 - No mode defined for component null
2021-07-18 03:14:33,025 [WARN] ModelIntegratedComponent:51 - No mode defined for component null
2021-07-18 03:14:33,025 [WARN] ModelIntegratedComponent:51 - No mode defined for component null
2021-07-18 03:14:33,025 [WARN] ModelIntegratedComponent:51 - No mode defined for component null
2021-07-18 03:14:33,025 [WARN] ModelIntegratedComponent:51 - No mode defined for component null
2021-07-18 03:14:33,025 [WARN] ModelIntegratedComponent:51 - No mode defined for component null
2021-07-18 03:14:33,025 [WARN] ModelIntegratedComponent:51 - No mode defined for component null
2021-07-18 03:14:33,025 [WARN] ModelIntegratedComponent:51 - No mode defined for component null
2021-07-18 03:14:33,025 [WARN] ModelIntegratedComponent:51 - No mode defined for component null
2021-07-18 03:14:33,025 [WARN] ModelIntegratedComponent:51 - No mode defined for component null
2021-07-18 03:14:33,025 [WARN] ModelIntegratedComponent:51 - No mode defined for component null
2021-07-18 03:14:33,025 [WARN] ModelIntegratedComponent:51 - No mode defined for component null
2021-07-18 03:14:33,025 [WARN] ModelIntegratedComponent:51 - No mode defined for component null
2021-07-18 03:14:33,025 [WARN] ModelIntegratedComponent:51 - No mode defined for component null
2021-07-18 03:14:33,025 [WARN] ModelIntegratedComponent:51 - No mode defined for component null
2021-07-18 03:14:33,025 [WARN] ModelIntegratedComponent:51 - No mode defined for component null
2021-07-18 03:14:33,025 [WARN] ModelIntegratedComponent:51 - No mode defined for component null
2021-07-18 03:14:33,025 [WARN] ModelIntegratedComponent:51 - No mode defined for component null
2021-07-18 03:14:33,025 [WARN] ModelIntegratedComponent:51 - No mode defined for component null
2021-07-18 03:14:33,025 [WARN] ModelIntegratedComponent:51 - No mode defined for component null
2021-07-18 03:14:33,025 [WARN] ModelIntegratedComponent:51 - No mode defined for component null
2021-07-18 03:14:33,025 [WARN] ModelIntegratedComponent:51 - No mode defined for component null
2021-07-18 03:14:33,025 [WARN] ModelIntegratedComponent:51 - No mode defined for component null
2021-07-18 03:14:33,025 [WARN] ApiManager:294 - Cannot register API 'Board Extension:S2868A1' from pack STMicroelectronics.X-CUBE-SFXS2LP1.2.0.0: no header file found
2021-07-18 03:14:33,025 [WARN] ApiManager:294 - Cannot register API 'Board Extension:S2868A2' from pack STMicroelectronics.X-CUBE-SFXS2LP1.2.0.0: no header file found
2021-07-18 03:14:33,025 [WARN] ApiManager:294 - Cannot register API 'Board Extension:S2915A1' from pack STMicroelectronics.X-CUBE-SFXS2LP1.2.0.0: no header file found
2021-07-18 03:14:33,025 [WARN] ApiManager:294 - Cannot register API 'Board Extension:S2868A1' from pack STMicroelectronics.X-CUBE-SUBG2.4.1.0: no header file found
2021-07-18 03:14:33,025 [WARN] ApiManager:294 - Cannot register API 'Board Extension:S2868A2' from pack STMicroelectronics.X-CUBE-SUBG2.4.1.0: no header file found
2021-07-18 03:14:33,025 [WARN] ApiManager:294 - Cannot register API 'Board Extension:S2915A1' from pack STMicroelectronics.X-CUBE-SUBG2.4.1.0: no header file found
2021-07-18 03:14:33,025 [WARN] ApiManager:294 - Cannot register API 'Board Extension:S2868A1' from pack STMicroelectronics.X-CUBE-SUBG2.4.0.0: no header file found
2021-07-18 03:14:33,025 [WARN] ApiManager:294 - Cannot register API 'Board Extension:S2868A2' from pack STMicroelectronics.X-CUBE-SUBG2.4.0.0: no header file found
2021-07-18 03:14:33,025 [WARN] ApiManager:294 - Cannot register API 'Board Extension:S2915A1' from pack STMicroelectronics.X-CUBE-SUBG2.4.0.0: no header file found
2021-07-18 03:14:33,160 [WARN] ApiManager:294 - Cannot register API 'Board Extension:IKS01A3' from pack STMicroelectronics.X-CUBE-MEMS1.8.2.0: no header file found
2021-07-18 03:14:33,160 [WARN] ApiManager:294 - Cannot register API 'Board Extension:IKS01A2' from pack STMicroelectronics.X-CUBE-MEMS1.8.2.0: no header file found
2021-07-18 03:14:33,160 [WARN] ApiManager:294 - Cannot register API 'Board Extension:IKS02A1' from pack STMicroelectronics.X-CUBE-MEMS1.8.2.0: no header file found
2021-07-18 03:14:33,169 [WARN] ApiManager:294 - Cannot register API 'Board Extension:EEPRMA1' from pack STMicroelectronics.X-CUBE-EEPRMA1.3.0.0: no header file found
2021-07-18 03:14:33,169 [WARN] ApiManager:294 - Cannot register API 'Board Extension:EEPRMA2' from pack STMicroelectronics.X-CUBE-EEPRMA1.3.0.0: no header file found
2021-07-18 03:14:33,289 [WARN] ApiManager:294 - Cannot register API 'Board Extension:IKS01A3' from pack STMicroelectronics.X-CUBE-MEMS1.8.3.0: no header file found
2021-07-18 03:14:33,289 [WARN] ApiManager:294 - Cannot register API 'Board Extension:IKS01A2' from pack STMicroelectronics.X-CUBE-MEMS1.8.3.0: no header file found
2021-07-18 03:14:33,289 [WARN] ApiManager:294 - Cannot register API 'Board Extension:IKS02A1' from pack STMicroelectronics.X-CUBE-MEMS1.8.3.0: no header file found
2021-07-18 03:14:33,289 [INFO] RtosManager:470 - Registered RTOS mode: class=CMSIS, group=RTOS, mode=CMSIS_V1, owner=FREERTOS
2021-07-18 03:14:33,289 [INFO] RtosManager:470 - Registered RTOS mode: class=CMSIS, group=RTOS2, mode=CMSIS_V2, owner=FREERTOS
2021-07-18 03:14:33,289 [INFO] RtosManager:470 - Registered RTOS mode: class=RTOS, group=Core, mode=CMSIS_V1, owner=FREERTOS
2021-07-18 03:14:33,289 [INFO] RtosManager:470 - Registered RTOS mode: class=RTOS, group=Core, mode=CMSIS_V2, owner=FREERTOS
2021-07-18 03:14:33,289 [WARN] ModelIntegratedComponent:182 - Missing modes for component STMicroelectronics:FreeRTOS:0.0.1:STMicroelectronics:RTOS:FreeRTOS:Core:::10.2.0:
2021-07-18 03:14:33,289 [WARN] ApiManager:294 - Cannot register API 'Board Extension:GNSS1A1' from pack STMicroelectronics.X-CUBE-GNSS1.5.1.0: no header file found
2021-07-18 03:14:33,289 [WARN] ApiManager:294 - Cannot register API 'Board Support:Custom' from pack STMicroelectronics.X-CUBE-GNSS1.5.1.0: no header file found
2021-07-18 03:14:33,289 [WARN] ApiManager:294 - Cannot register API 'Data Exchange:lib_gnss' from pack STMicroelectronics.X-CUBE-GNSS1.5.1.0: no header file found
2021-07-18 03:14:33,289 [WARN] ApiManager:294 - Cannot register API 'Board Extension:GNSS1A1' from pack STMicroelectronics.X-CUBE-GNSS1.5.2.0: no header file found
2021-07-18 03:14:33,289 [WARN] ApiManager:294 - Cannot register API 'Board Support:Custom' from pack STMicroelectronics.X-CUBE-GNSS1.5.2.0: no header file found
2021-07-18 03:14:33,289 [WARN] ApiManager:294 - Cannot register API 'Data Exchange:lib_gnss' from pack STMicroelectronics.X-CUBE-GNSS1.5.2.0: no header file found
2021-07-18 03:14:33,289 [WARN] ApiManager:294 - Cannot register API 'Wireless:BlueNRG-MS' from pack STMicroelectronics.X-CUBE-BLE1.6.1.0: no header file found
2021-07-18 03:14:33,289 [WARN] ApiManager:294 - Cannot register API 'Wireless:BlueNRG-MS' from pack STMicroelectronics.X-CUBE-BLE1.6.2.0: no header file found
2021-07-18 03:14:33,289 [WARN] ApiManager:294 - Cannot register API 'Board Extension:NFC04A1' from pack STMicroelectronics.X-CUBE-NFC4.2.0.2: no header file found
2021-07-18 03:14:33,289 [WARN] ApiManager:294 - Cannot register API 'Board Extension:NFC04A1' from pack STMicroelectronics.X-CUBE-NFC4.2.0.1: no header file found
2021-07-18 03:14:33,305 [WARN] ApiManager:294 - Cannot register API 'Wireless:BlueNRG-2' from pack STMicroelectronics.X-CUBE-BLE2.3.1.0: no header file found
2021-07-18 03:14:33,305 [WARN] ApiManager:294 - Cannot register API 'Wireless:BlueNRG-2' from pack STMicroelectronics.X-CUBE-BLE2.3.2.0: no header file found
2021-07-18 03:14:34,480 [INFO] UtilMem:74 - End LoadConfig() Used Memory: 658954368 Bytes (1073741824)
2021-07-18 03:14:34,481 [WARN] ThirdParty:762 - waiting for thirdparty lock release [change project]
2021-07-18 03:14:34,481 [INFO] ThirdParty:764 - entering critical section [change project]
2021-07-18 03:14:34,481 [INFO] ThirdParty:952 - CMSIS Pack Vendor :RoweBots I-CUBE-UNISONRTOS 5.5.0-4
2021-07-18 03:14:34,481 [INFO] ThirdParty:952 - CMSIS Pack Vendor :STMicroelectronics X-CUBE-SFXS2LP1 3.0.0
2021-07-18 03:14:34,481 [INFO] ThirdParty:952 - CMSIS Pack Vendor :STMicroelectronics USB_HOST 2.0.0
2021-07-18 03:14:34,481 [INFO] ThirdParty:952 - CMSIS Pack Vendor :STMicroelectronics X-CUBE-SUBG2 3.0.0
2021-07-18 03:14:34,482 [INFO] ThirdParty:952 - CMSIS Pack Vendor :STMicroelectronics USB_DEVICE 3.0.0
2021-07-18 03:14:34,482 [INFO] ThirdParty:952 - CMSIS Pack Vendor :STMicroelectronics HAL Drivers 0.0.0
2021-07-18 03:14:34,482 [INFO] ThirdParty:952 - CMSIS Pack Vendor :STMicroelectronics MBEDTLS 2.16.2
2021-07-18 03:14:34,482 [INFO] ThirdParty:952 - CMSIS Pack Vendor :STMicroelectronics X-CUBE-SFXS2LP1 2.0.0
2021-07-18 03:14:34,482 [INFO] ThirdParty:952 - CMSIS Pack Vendor :STMicroelectronics MBEDTLS 2.14.1
2021-07-18 03:14:34,482 [INFO] ThirdParty:952 - CMSIS Pack Vendor :STMicroelectronics X-CUBE-SUBG2 4.1.0
2021-07-18 03:14:34,482 [INFO] ThirdParty:952 - CMSIS Pack Vendor :STMicroelectronics X-CUBE-SUBG2 4.0.0
2021-07-18 03:14:34,482 [INFO] ThirdParty:952 - CMSIS Pack Vendor :STMicroelectronics X-CUBE-TOF1 1.0.0
2021-07-18 03:14:34,482 [INFO] ThirdParty:952 - CMSIS Pack Vendor :STMicroelectronics X-CUBE-AZRTOS-H7 1.0.0
2021-07-18 03:14:34,482 [INFO] ThirdParty:952 - CMSIS Pack Vendor :STMicroelectronics USB_DEVICE 2.0.0
2021-07-18 03:14:34,482 [INFO] ThirdParty:952 - CMSIS Pack Vendor :STMicroelectronics X-CUBE-MEMS1 8.2.0
2021-07-18 03:14:34,482 [INFO] ThirdParty:952 - CMSIS Pack Vendor :STMicroelectronics X-CUBE-EEPRMA1 3.0.0
2021-07-18 03:14:34,482 [INFO] ThirdParty:952 - CMSIS Pack Vendor :STMicroelectronics X-CUBE-MEMS1 8.3.0
2021-07-18 03:14:34,482 [INFO] ThirdParty:952 - CMSIS Pack Vendor :STMicroelectronics X-CUBE-DISPLAY 1.0.0
2021-07-18 03:14:34,483 [INFO] ThirdParty:952 - CMSIS Pack Vendor :STMicroelectronics FreeRTOS 0.0.1
2021-07-18 03:14:34,483 [INFO] ThirdParty:952 - CMSIS Pack Vendor :STMicroelectronics USB_DEVICE 1.0.0
2021-07-18 03:14:34,483 [INFO] ThirdParty:952 - CMSIS Pack Vendor :STMicroelectronics X-CUBE-AI 6.0.0
2021-07-18 03:14:34,483 [INFO] ThirdParty:952 - CMSIS Pack Vendor :STMicroelectronics X-CUBE-ALGOBUILD 1.1.0
2021-07-18 03:14:34,483 [INFO] ThirdParty:952 - CMSIS Pack Vendor :SEGGER I-CUBE-embOS 1.2.0
2021-07-18 03:14:34,483 [INFO] ThirdParty:952 - CMSIS Pack Vendor :STMicroelectronics X-CUBE-ALGOBUILD 1.2.0
2021-07-18 03:14:34,483 [INFO] ThirdParty:952 - CMSIS Pack Vendor :STMicroelectronics X-CUBE-GNSS1 5.1.0
2021-07-18 03:14:34,483 [INFO] ThirdParty:952 - CMSIS Pack Vendor :STMicroelectronics X-CUBE-GNSS1 5.2.0
2021-07-18 03:14:34,483 [INFO] ThirdParty:952 - CMSIS Pack Vendor :STMicroelectronics X-CUBE-BLE1 6.1.0
2021-07-18 03:14:34,483 [INFO] ThirdParty:952 - CMSIS Pack Vendor :STMicroelectronics lwIP 2.0.3
2021-07-18 03:14:34,483 [INFO] ThirdParty:952 - CMSIS Pack Vendor :STMicroelectronics lwIP 2.1.2
2021-07-18 03:14:34,483 [INFO] ThirdParty:952 - CMSIS Pack Vendor :STMicroelectronics X-CUBE-BLE1 6.2.0
2021-07-18 03:14:34,483 [INFO] ThirdParty:952 - CMSIS Pack Vendor :STMicroelectronics USB_HOST 1.0.0
2021-07-18 03:14:34,483 [INFO] ThirdParty:952 - CMSIS Pack Vendor :STMicroelectronics X-CUBE-NFC4 2.0.2
2021-07-18 03:14:34,483 [INFO] ThirdParty:952 - CMSIS Pack Vendor :STMicroelectronics X-CUBE-TOUCHGFX 4.17.0
2021-07-18 03:14:34,483 [INFO] ThirdParty:952 - CMSIS Pack Vendor :STMicroelectronics X-CUBE-NFC4 2.0.1
2021-07-18 03:14:34,484 [INFO] ThirdParty:952 - CMSIS Pack Vendor :wolfSSL I-CUBE-wolfSSL 4.7.0
2021-07-18 03:14:34,484 [INFO] ThirdParty:952 - CMSIS Pack Vendor :STMicroelectronics X-CUBE-TOUCHGFX 4.16.1
2021-07-18 03:14:34,484 [INFO] ThirdParty:952 - CMSIS Pack Vendor :STMicroelectronics X-CUBE-AI 5.2.0
2021-07-18 03:14:34,484 [INFO] ThirdParty:952 - CMSIS Pack Vendor :STMicroelectronics PDM2PCM 3.1.0
2021-07-18 03:14:34,484 [INFO] ThirdParty:952 - CMSIS Pack Vendor :STMicroelectronics X-CUBE-TOUCHGFX 4.16.0
2021-07-18 03:14:34,484 [INFO] ThirdParty:952 - CMSIS Pack Vendor :STMicroelectronics PDM2PCM 3.2.0
2021-07-18 03:14:34,484 [INFO] ThirdParty:952 - CMSIS Pack Vendor :STMicroelectronics X-CUBE-BLE2 3.1.0
2021-07-18 03:14:34,484 [INFO] ThirdParty:952 - CMSIS Pack Vendor :STMicroelectronics PDM2PCM 3.3.0
2021-07-18 03:14:34,484 [INFO] ThirdParty:952 - CMSIS Pack Vendor :STMicroelectronics X-CUBE-BLE2 3.2.0
2021-07-18 03:14:34,484 [INFO] ThirdParty:770 - exiting critical section [change project]
2021-07-18 03:14:34,551 [INFO] PinOutPanel:1435 - setPackage(No Configuration,No Configuration)
2021-07-18 03:14:34,552 [INFO] PinOutPanel:1435 - setPackage(STM32F103C8Tx,LQFP48)
2021-07-18 03:14:34,731 [INFO] UtilMem:74 - Before build in PCC Used Memory: 482508920 Bytes (1073741824)
2021-07-18 03:14:34,888 [INFO] SharedServices:72 - Folder for power plug-in: C:/Users/megha/.stm32cubemx/plugins/power
2021-07-18 03:14:34,920 [INFO] SharedServices:72 - Folder for power plug-in: C:/Users/megha/.stm32cubemx/plugins/power
2021-07-18 03:14:34,935 [INFO] SharedServices:72 - Folder for power plug-in: C:/Users/megha/.stm32cubemx/plugins/power
2021-07-18 03:14:34,935 [INFO] SharedServices:72 - Folder for power plug-in: C:/Users/megha/.stm32cubemx/plugins/power
2021-07-18 03:14:34,967 [INFO] UtilMem:74 - After build in PCC Used Memory: 551714936 Bytes (1073741824)
2021-07-18 03:14:34,967 [INFO] IPUIPlugin:64 - create IPUIPlugin
2021-07-18 03:14:34,967 [INFO] IPUIPlugin:64 - create IPUIPlugin
2021-07-18 03:14:34,967 [INFO] IPUIPlugin:64 - create IPUIPlugin
2021-07-18 03:14:34,967 [INFO] IPUIPlugin:64 - create IPUIPlugin
2021-07-18 03:14:34,967 [INFO] IPUIPlugin:64 - create IPUIPlugin
2021-07-18 03:14:34,967 [INFO] IPUIPlugin:64 - create IPUIPlugin
2021-07-18 03:14:34,967 [INFO] IPUIPlugin:64 - create IPUIPlugin
2021-07-18 03:14:34,967 [INFO] IPUIPlugin:64 - create IPUIPlugin
2021-07-18 03:14:34,967 [INFO] IPUIPlugin:64 - create IPUIPlugin
2021-07-18 03:14:34,967 [INFO] IPUIPlugin:64 - create IPUIPlugin
2021-07-18 03:14:34,967 [INFO] IPUIPlugin:64 - create IPUIPlugin
2021-07-18 03:14:34,967 [INFO] IPUIPlugin:64 - create IPUIPlugin
2021-07-18 03:14:34,967 [INFO] IPUIPlugin:64 - create IPUIPlugin
2021-07-18 03:14:34,967 [INFO] IPUIPlugin:64 - create IPUIPlugin
2021-07-18 03:14:34,967 [INFO] IPUIPlugin:64 - create IPUIPlugin
2021-07-18 03:14:34,967 [INFO] IPUIPlugin:64 - create IPUIPlugin
2021-07-18 03:14:34,982 [INFO] IPUIPlugin:64 - create IPUIPlugin
2021-07-18 03:14:34,982 [INFO] IPUIPlugin:64 - create IPUIPlugin
2021-07-18 03:14:34,982 [INFO] IPUIPlugin:64 - create IPUIPlugin
2021-07-18 03:14:34,982 [INFO] IPUIPlugin:64 - create IPUIPlugin
2021-07-18 03:14:34,982 [INFO] IPUIPlugin:64 - create IPUIPlugin
2021-07-18 03:14:34,982 [INFO] IPUIPlugin:64 - create IPUIPlugin
2021-07-18 03:14:34,982 [INFO] IPUIPlugin:64 - create IPUIPlugin
2021-07-18 03:14:34,982 [INFO] IPUIPlugin:64 - create IPUIPlugin
2021-07-18 03:14:34,982 [INFO] IPUIPlugin:64 - create IPUIPlugin
2021-07-18 03:14:34,982 [INFO] IPUIPlugin:64 - create IPUIPlugin
2021-07-18 03:14:34,982 [INFO] IPUIPlugin:64 - create IPUIPlugin
2021-07-18 03:14:34,982 [INFO] OpenFileManager:323 - Restore cursor
2021-07-18 03:14:35,150 [INFO] UtilMem:74 - End SaveConfig() Used Memory: 600646960 Bytes (1073741824)
2021-07-18 03:14:35,181 [INFO] UtilMem:74 - End SaveConfig() Used Memory: 608338040 Bytes (1073741824)
2021-07-18 03:14:35,480 [INFO] BlockDiagram:2735 - set Specific Code input for plugin: NVIC
2021-07-18 03:14:35,480 [INFO] BlockDiagram:2735 - set Specific Code input for plugin: SYS
2021-07-18 03:14:35,481 [INFO] BlockDiagram:2735 - set Specific Code input for plugin: RCC
2021-07-18 03:14:35,482 [INFO] CodeGenerator:641 - code generatio: config db path: D:\STM32CubeIDE_1.6.0\STM32CubeIDE\plugins\com.st.stm32cube.common.mx_6.2.1.202103241236\\db\
2021-07-18 03:14:35,702 [INFO] CodeEngine:229 - oldGeneratedFile, D:\Embedded_STM32\Blink_Baremetal\MXTmpFiles\license.tmp_save
2021-07-18 03:14:35,807 [INFO] CodeEngine:247 - Generated code: D:\Embedded_STM32\Blink_Baremetal\MXTmpFiles\license.tmp
2021-07-18 03:14:35,836 [INFO] CodeEngine:229 - oldGeneratedFile, D:\Embedded_STM32\Blink_Baremetal\Core\Src\stm32f1xx_it.c_save
2021-07-18 03:14:35,899 [INFO] CodeEngine:247 - Generated code: D:\Embedded_STM32\Blink_Baremetal\Core\Src\stm32f1xx_it.c
2021-07-18 03:14:35,899 [INFO] CodeEngine:229 - oldGeneratedFile, D:\Embedded_STM32\Blink_Baremetal\Core\Inc\stm32f1xx_it.h_save
2021-07-18 03:14:35,946 [INFO] CodeEngine:247 - Generated code: D:\Embedded_STM32\Blink_Baremetal\Core\Inc\stm32f1xx_it.h
2021-07-18 03:14:35,946 [INFO] CodeEngine:229 - oldGeneratedFile, D:\Embedded_STM32\Blink_Baremetal\Core\Src\stm32f1xx_hal_msp.c_save
2021-07-18 03:14:36,009 [INFO] CodeEngine:247 - Generated code: D:\Embedded_STM32\Blink_Baremetal\Core\Src\stm32f1xx_hal_msp.c
2021-07-18 03:14:36,009 [INFO] CodeEngine:229 - oldGeneratedFile, D:\Embedded_STM32\Blink_Baremetal\MXTmpFiles\system.tmp_save
2021-07-18 03:14:36,060 [INFO] CodeEngine:247 - Generated code: D:\Embedded_STM32\Blink_Baremetal\MXTmpFiles\system.tmp
2021-07-18 03:14:36,069 [INFO] CodeEngine:229 - oldGeneratedFile, D:\Embedded_STM32\Blink_Baremetal\Core\Inc\stm32f1xx_hal_conf.h_save
2021-07-18 03:14:36,116 [INFO] CodeEngine:247 - Generated code: D:\Embedded_STM32\Blink_Baremetal\Core\Inc\stm32f1xx_hal_conf.h
2021-07-18 03:14:36,132 [INFO] CodeEngine:229 - oldGeneratedFile, D:\Embedded_STM32\Blink_Baremetal\Core\Inc\main.h_save
2021-07-18 03:14:36,180 [INFO] CodeEngine:247 - Generated code: D:\Embedded_STM32\Blink_Baremetal\Core\Inc\main.h
2021-07-18 03:14:36,180 [INFO] CodeEngine:229 - oldGeneratedFile, D:\Embedded_STM32\Blink_Baremetal\Core\Src\main.c_save
2021-07-18 03:14:36,243 [INFO] CodeEngine:247 - Generated code: D:\Embedded_STM32\Blink_Baremetal\Core\Src\main.c
2021-07-18 03:14:36,964 [INFO] ProjectBuilder:2460 - Time for Copy HAL[1] : 47mS.
2021-07-18 03:14:36,980 [INFO] ProjectBuilder:3418 - Project Generator version: 3.13.0-B3
2021-07-18 03:14:37,442 [INFO] ConfigFileManager:1242 - The Die is : DIE410
2021-07-18 03:14:37,449 [INFO] ApiDbMcu:458 - Load IP Config File for FATFS
2021-07-18 03:14:37,483 [INFO] ApiDbMcu:458 - Load IP Config File for FREERTOS
2021-07-18 03:14:37,518 [INFO] ApiDbMcu:458 - Load IP Config File for USB_DEVICE
2021-07-18 03:14:39,828 [INFO] ProjectBuilder:3584 - Time for Generating toolchain IDE Files: 2848mS.
2021-07-18 03:14:39,828 [INFO] ProjectBuilder:2339 - Time for Copy CMSIS : 0mS.
2021-07-18 03:14:39,828 [INFO] ProjectBuilder:2339 - Time for Copy CMSIS : 0mS.
2021-07-18 03:14:40,312 [INFO] ApiDb:276 - Save user favorites file C:\Users\megha/.stm32cubeide/favorites.mcus.txt: 0 item(s)
2021-07-18 03:14:40,312 [INFO] ApiDb:280 - User favorites MCUs=[]
2021-07-18 03:14:51,572 [INFO] Gpio:248 - dependency for GPIO []
2021-07-18 03:14:54,145 [INFO] Gpio:248 - dependency for GPIO []
2021-07-18 03:19:39,474 [INFO] UtilMem:74 - End SaveConfig() Used Memory: 303898152 Bytes (856686592)
2021-07-18 03:19:44,188 [INFO] UtilMem:74 - End SaveConfig() Used Memory: 316441040 Bytes (856686592)
2021-07-18 03:19:47,348 [INFO] UtilMem:74 - End SaveConfig() Used Memory: 358950440 Bytes (856686592)
2021-07-18 03:19:47,786 [INFO] BlockDiagram:2735 - set Specific Code input for plugin: NVIC
2021-07-18 03:19:47,786 [INFO] BlockDiagram:2735 - set Specific Code input for plugin: SYS
2021-07-18 03:19:47,786 [INFO] BlockDiagram:2735 - set Specific Code input for plugin: GPIO
2021-07-18 03:19:47,786 [INFO] BlockDiagram:2735 - set Specific Code input for plugin: RCC
2021-07-18 03:19:47,786 [INFO] CodeGenerator:641 - code generatio: config db path: D:\STM32CubeIDE_1.6.0\STM32CubeIDE\plugins\com.st.stm32cube.common.mx_6.2.1.202103241236\\db\
2021-07-18 03:19:47,991 [INFO] CodeEngine:229 - oldGeneratedFile, D:\Embedded_STM32\Blink_Baremetal\MXTmpFiles\license.tmp_save
2021-07-18 03:19:48,070 [INFO] CodeEngine:247 - Generated code: D:\Embedded_STM32\Blink_Baremetal\MXTmpFiles\license.tmp
2021-07-18 03:19:48,148 [INFO] CodeEngine:229 - oldGeneratedFile, D:\Embedded_STM32\Blink_Baremetal\MXTmpFiles\gpio.tmp_save
2021-07-18 03:19:48,211 [INFO] CodeEngine:247 - Generated code: D:\Embedded_STM32\Blink_Baremetal\MXTmpFiles\gpio.tmp
2021-07-18 03:19:48,211 [INFO] CodeEngine:229 - oldGeneratedFile, D:\Embedded_STM32\Blink_Baremetal\Core\Src\stm32f1xx_it.c_save
2021-07-18 03:19:48,289 [INFO] CodeEngine:247 - Generated code: D:\Embedded_STM32\Blink_Baremetal\Core\Src\stm32f1xx_it.c
2021-07-18 03:19:48,289 [INFO] CodeEngine:229 - oldGeneratedFile, D:\Embedded_STM32\Blink_Baremetal\Core\Inc\stm32f1xx_it.h_save
2021-07-18 03:19:48,336 [INFO] CodeEngine:247 - Generated code: D:\Embedded_STM32\Blink_Baremetal\Core\Inc\stm32f1xx_it.h
2021-07-18 03:19:48,352 [INFO] CodeEngine:229 - oldGeneratedFile, D:\Embedded_STM32\Blink_Baremetal\Core\Src\stm32f1xx_hal_msp.c_save
2021-07-18 03:19:48,414 [INFO] CodeEngine:247 - Generated code: D:\Embedded_STM32\Blink_Baremetal\Core\Src\stm32f1xx_hal_msp.c
2021-07-18 03:19:48,430 [INFO] CodeEngine:229 - oldGeneratedFile, D:\Embedded_STM32\Blink_Baremetal\MXTmpFiles\system.tmp_save
2021-07-18 03:19:48,461 [INFO] CodeEngine:247 - Generated code: D:\Embedded_STM32\Blink_Baremetal\MXTmpFiles\system.tmp
2021-07-18 03:19:48,461 [INFO] CodeEngine:229 - oldGeneratedFile, D:\Embedded_STM32\Blink_Baremetal\Core\Inc\stm32f1xx_hal_conf.h_save
2021-07-18 03:19:48,523 [INFO] CodeEngine:247 - Generated code: D:\Embedded_STM32\Blink_Baremetal\Core\Inc\stm32f1xx_hal_conf.h
2021-07-18 03:19:48,555 [INFO] CodeEngine:229 - oldGeneratedFile, D:\Embedded_STM32\Blink_Baremetal\Core\Inc\main.h_save
2021-07-18 03:19:48,602 [INFO] CodeEngine:247 - Generated code: D:\Embedded_STM32\Blink_Baremetal\Core\Inc\main.h
2021-07-18 03:19:48,602 [INFO] CodeEngine:229 - oldGeneratedFile, D:\Embedded_STM32\Blink_Baremetal\Core\Src\main.c_save
2021-07-18 03:19:48,763 [INFO] CodeEngine:247 - Generated code: D:\Embedded_STM32\Blink_Baremetal\Core\Src\main.c
2021-07-18 03:19:49,475 [INFO] ProjectBuilder:2460 - Time for Copy HAL[1] : 143mS.
2021-07-18 03:19:49,475 [INFO] ProjectBuilder:3418 - Project Generator version: 3.13.0-B3
2021-07-18 03:19:49,952 [INFO] ConfigFileManager:1242 - The Die is : DIE410
2021-07-18 03:19:51,999 [INFO] ProjectBuilder:3584 - Time for Generating toolchain IDE Files: 2524mS.
2021-07-18 03:19:51,999 [INFO] ProjectBuilder:2339 - Time for Copy CMSIS : 0mS.
2021-07-18 03:19:51,999 [INFO] ProjectBuilder:2339 - Time for Copy CMSIS : 0mS.
